Skipping (Destination NetCDF exists): /var/local/erddap/erddap-storage/erddap-12-1/nc/Coastal_Endurance/CE04OSPS/SF01B/2B-PHSENA108/phsen_data_record/streamed/deployment0003/deployment0003_CE04OSPS-SF01B-2B-PHSENA108-streamed-phsen_data_record_20160719T080000.286326-20160807T230000.275611.nc
Skipping (Destination NetCDF exists): /var/local/erddap/erddap-storage/erddap-12-1/nc/Coastal_Endurance/CE04OSPS/SF01B/2B-PHSENA108/phsen_data_record/streamed/deployment0003/deployment0003_CE04OSPS-SF01B-2B-PHSENA108-streamed-phsen_data_record_20160905T020359.431933-20160915T231438.429485.nc
Skipping (Destination NetCDF exists): /var/local/erddap/erddap-storage/erddap-12-1/nc/Coastal_Endurance/CE04OSPS/SF01B/4A-NUTNRA102/nutnr_a_sample/streamed/deployment0003/deployment0003_CE04OSPS-SF01B-4A-NUTNRA102-streamed-nutnr_a_sample_20160826T072118.366638-20160827T214610.267767.nc
Skipping (Destination NetCDF exists): /var/local/erddap/erddap-storage/erddap-12-1/nc/Coastal_Endurance/CE04OSPS/SF01B/4A-NUTNRA102/nutnr_a_sample/streamed/deployment0003/deployment0003_CE04OSPS-SF01B-4A-NUTNRA102-streamed-nutnr_a_sample_20160808T005954.470924-20160809T235954.367611.nc
Skipping (Destination NetCDF exists): /var/local/erddap/erddap-storage/erddap-12-1/nc/Coastal_Endurance/CE04OSPS/SF01B/4A-NUTNRA102/nutnr_a_sample/streamed/deployment0003/deployment0003_CE04OSPS-SF01B-4A-NUTNRA102-streamed-nutnr_a_sample_20160731T005954.680913-20160801T235954.702406.nc
Skipping (Destination NetCDF exists): /var/local/erddap/erddap-storage/erddap-12-1/nc/Coastal_Endurance/CE04OSPS/SF01B/4A-NUTNRA102/nutnr_a_sample/streamed/deployment0003/deployment0003_CE04OSPS-SF01B-4A-NUTNRA102-streamed-nutnr_a_sample_20160818T005954.107610-20160819T235954.054099.nc
Skipping (Destination NetCDF exists): /var/local/erddap/erddap-storage/erddap-12-1/nc/Coastal_Endurance/CE04OSPS/SF01B/4A-NUTNRA102/nutnr_a_sample/streamed/deployment0003/deployment0003_CE04OSPS-SF01B-4A-NUTNRA102-streamed-nutnr_a_sample_20160825T204118.268988-20160825T214601.730668.nc
Skipping (Destination NetCDF exists): /var/local/erddap/erddap-storage/erddap-12-1/nc/Coastal_Endurance/CE04OSPS/SF01B/4A-NUTNRA102/nutnr_a_sample/streamed/deployment0003/deployment0003_CE04OSPS-SF01B-4A-NUTNRA102-streamed-nutnr_a_sample_20160901T072119.032748-20160902T214552.852312.nc
Skipping (Destination NetCDF exists): /var/local/erddap/erddap-storage/erddap-12-1/nc/Coastal_Endurance/CE04OSPS/SF01B/4A-NUTNRA102/nutnr_a_sample/streamed/deployment0003/deployment0003_CE04OSPS-SF01B-4A-NUTNRA102-streamed-nutnr_a_sample_20160721T005954.993701-20160722T235955.105818.nc
Skipping (Destination NetCDF exists): /var/local/erddap/erddap-storage/erddap-12-1/nc/Coastal_Endurance/CE04OSPS/SF01B/4A-NUTNRA102/nutnr_a_sample/streamed/deployment0003/deployment0003_CE04OSPS-SF01B-4A-NUTNRA102-streamed-nutnr_a_sample_20160820T005954.066020-20160821T235954.018619.nc
Skipping (Destination NetCDF exists): /var/local/erddap/erddap-storage/erddap-12-1/nc/Coastal_Endurance/CE04OSPS/SF01B/4A-NUTNRA102/nutnr_a_sample/streamed/deployment0003/deployment0003_CE04OSPS-SF01B-4A-NUTNRA102-streamed-nutnr_a_sample_20160828T072118.118240-20160829T214611.741008.nc
Skipping (Destination NetCDF exists): /var/local/erddap/erddap-storage/erddap-12-1/nc/Coastal_Endurance/CE04OSPS/SF01B/4A-NUTNRA102/nutnr_a_sample/streamed/deployment0003/deployment0003_CE04OSPS-SF01B-4A-NUTNRA102-streamed-nutnr_a_sample_20160723T005954.944014-20160724T235954.847776.nc
Skipping (Destination NetCDF exists): /var/local/erddap/erddap-storage/erddap-12-1/nc/Coastal_Endurance/CE04OSPS/SF01B/4A-NUTNRA102/nutnr_a_sample/streamed/deployment0003/deployment0003_CE04OSPS-SF01B-4A-NUTNRA102-streamed-nutnr_a_sample_20160814T005954.271489-20160815T235954.192729.nc
Skipping (Destination NetCDF exists): /var/local/erddap/erddap-storage/erddap-12-1/nc/Coastal_Endurance/CE04OSPS/SF01B/4A-NUTNRA102/nutnr_a_sample/streamed/deployment0003/deployment0003_CE04OSPS-SF01B-4A-NUTNRA102-streamed-nutnr_a_sample_20160806T005954.519742-20160807T235954.447989.nc
Skipping (Destination NetCDF exists): /var/local/erddap/erddap-storage/erddap-12-1/nc/Coastal_Endurance/CE04OSPS/SF01B/4A-NUTNRA102/nutnr_a_sample/streamed/deployment0003/deployment0003_CE04OSPS-SF01B-4A-NUTNRA102-streamed-nutnr_a_sample_20160812T005954.322436-20160813T235954.283135.nc
Skipping (Destination NetCDF exists): /var/local/erddap/erddap-storage/erddap-12-1/nc/Coastal_Endurance/CE04OSPS/SF01B/4A-NUTNRA102/nutnr_a_sample/streamed/deployment0003/deployment0003_CE04OSPS-SF01B-4A-NUTNRA102-streamed-nutnr_a_sample_20160903T072118.510916-20160904T214555.294728.nc
Skipping (Destination NetCDF exists): /var/local/erddap/erddap-storage/erddap-12-1/nc/Coastal_Endurance/CE04OSPS/SF01B/4A-NUTNRA102/nutnr_a_sample/streamed/deployment0003/deployment0003_CE04OSPS-SF01B-4A-NUTNRA102-streamed-nutnr_a_sample_20160727T005954.813414-20160728T235954.750891.nc
Skipping (Destination NetCDF exists): /var/local/erddap/erddap-storage/erddap-12-1/nc/Coastal_Endurance/CE04OSPS/SF01B/4A-NUTNRA102/nutnr_a_sample/streamed/deployment0003/deployment0003_CE04OSPS-SF01B-4A-NUTNRA102-streamed-nutnr_a_sample_20160830T072118.323134-20160831T214556.661544.nc
Skipping (Destination NetCDF exists): /var/local/erddap/erddap-storage/erddap-12-1/nc/Coastal_Endurance/CE04OSPS/SF01B/4A-NUTNRA102/nutnr_a_sample/streamed/deployment0003/deployment0003_CE04OSPS-SF01B-4A-NUTNRA102-streamed-nutnr_a_sample_20160909T072118.653326-20160909T080839.977086.nc
Skipping (Destination NetCDF exists): /var/local/erddap/erddap-storage/erddap-12-1/nc/Coastal_Endurance/CE04OSPS/SF01B/4A-NUTNRA102/nutnr_a_sample/streamed/deployment0003/deployment0003_CE04OSPS-SF01B-4A-NUTNRA102-streamed-nutnr_a_sample_20160729T005954.732872-20160730T235954.671730.nc
Skipping (Destination NetCDF exists): /var/local/erddap/erddap-storage/erddap-12-1/nc/Coastal_Endurance/CE04OSPS/SF01B/4A-NUTNRA102/nutnr_a_sample/streamed/deployment0003/deployment0003_CE04OSPS-SF01B-4A-NUTNRA102-streamed-nutnr_a_sample_20160915T072118.787449-20160915T214615.543785.nc
Skipping (Destination NetCDF exists): /var/local/erddap/erddap-storage/erddap-12-1/nc/Coastal_Endurance/CE04OSPS/SF01B/4A-NUTNRA102/nutnr_a_sample/streamed/deployment0003/deployment0003_CE04OSPS-SF01B-4A-NUTNRA102-streamed-nutnr_a_sample_20160719T085955.021075-20160720T235954.987997.nc
Skipping (Destination NetCDF exists): /var/local/erddap/erddap-storage/erddap-12-1/nc/Coastal_Endurance/CE04OSPS/SF01B/4A-NUTNRA102/nutnr_a_sample/streamed/deployment0003/deployment0003_CE04OSPS-SF01B-4A-NUTNRA102-streamed-nutnr_a_sample_20160804T005954.550806-20160805T235954.507305.nc
Skipping (Destination NetCDF exists): /var/local/erddap/erddap-storage/erddap-12-1/nc/Coastal_Endurance/CE04OSPS/SF01B/4A-NUTNRA102/nutnr_a_sample/streamed/deployment0003/deployment0003_CE04OSPS-SF01B-4A-NUTNRA102-streamed-nutnr_a_sample_20160907T072118.538493-20160908T214557.215554.nc
Skipping (Destination NetCDF exists): /var/local/erddap/erddap-storage/erddap-12-1/nc/Coastal_Endurance/CE04OSPS/SF01B/4A-NUTNRA102/nutnr_a_sample/streamed/deployment0003/deployment0003_CE04OSPS-SF01B-4A-NUTNRA102-streamed-nutnr_a_sample_20160816T005954.207680-20160817T235954.136701.nc
Skipping (Destination NetCDF exists): /var/local/erddap/erddap-storage/erddap-12-1/nc/Coastal_Endurance/CE04OSPS/SF01B/4A-NUTNRA102/nutnr_a_sample/streamed/deployment0003/deployment0003_CE04OSPS-SF01B-4A-NUTNRA102-streamed-nutnr_a_sample_20160822T005953.994688-20160823T214640.255282.nc
Skipping (Destination NetCDF exists): /var/local/erddap/erddap-storage/erddap-12-1/nc/Coastal_Endurance/CE04OSPS/SF01B/4A-NUTNRA102/nutnr_a_sample/streamed/deployment0003/deployment0003_CE04OSPS-SF01B-4A-NUTNRA102-streamed-nutnr_a_sample_20160802T005954.608534-20160803T235954.628239.nc
Skipping (Destination NetCDF exists): /var/local/erddap/erddap-storage/erddap-12-1/nc/Coastal_Endurance/CE04OSPS/SF01B/4A-NUTNRA102/nutnr_a_sample/streamed/deployment0003/deployment0003_CE04OSPS-SF01B-4A-NUTNRA102-streamed-nutnr_a_sample_20160810T005954.392975-20160811T235954.337150.nc
Skipping (Destination NetCDF exists): /var/local/erddap/erddap-storage/erddap-12-1/nc/Coastal_Endurance/CE04OSPS/SF01B/4A-NUTNRA102/nutnr_a_sample/streamed/deployment0003/deployment0003_CE04OSPS-SF01B-4A-NUTNRA102-streamed-nutnr_a_sample_20160725T005954.873860-20160726T235954.829097.nc
Skipping (Destination NetCDF exists): /var/local/erddap/erddap-storage/erddap-12-1/nc/Coastal_Endurance/CE04OSPS/SF01B/4A-NUTNRA102/nutnr_a_sample/streamed/deployment0003/deployment0003_CE04OSPS-SF01B-4A-NUTNRA102-streamed-nutnr_a_sample_20160913T072118.538935-20160914T214601.811318.nc
Skipping (Destination NetCDF exists): /var/local/erddap/erddap-storage/erddap-12-1/nc/Coastal_Endurance/CE04OSPS/SF01B/4A-NUTNRA102/nutnr_a_sample/streamed/deployment0003/deployment0003_CE04OSPS-SF01B-4A-NUTNRA102-streamed-nutnr_a_sample_20160905T072117.129900-20160906T214600.737141.nc
Skipping (Destination NetCDF exists): /var/local/erddap/erddap-storage/erddap-12-1/nc/Coastal_Endurance/CE04OSPS/SF01B/4F-PCO2WA102/pco2w_a_sami_data_record/streamed/deployment0003/deployment0003_CE04OSPS-SF01B-4F-PCO2WA102-streamed-pco2w_a_sami_data_record_20160905T020810.219953-20160915T231847.911072.nc
Skipping (Destination NetCDF exists): /var/local/erddap/erddap-storage/erddap-12-1/nc/Coastal_Endurance/CE04OSPS/SF01B/4F-PCO2WA102/pco2w_a_sami_data_record/streamed/deployment0003/deployment0003_CE04OSPS-SF01B-4F-PCO2WA102-streamed-pco2w_a_sami_data_record_cal_20160725T070554.087580-20160801T080554.079158.nc
Skipping (Destination NetCDF exists): /var/local/erddap/erddap-storage/erddap-12-1/nc/Coastal_Endurance/CE04OSPS/SF01B/4F-PCO2WA102/pco2w_a_sami_data_record/streamed/deployment0003/deployment0003_CE04OSPS-SF01B-4F-PCO2WA102-streamed-pco2w_a_sami_data_record_cal_20160907T224958.603506-20160907T224958.603506.nc
Skipping (Destination NetCDF exists): /var/local/erddap/erddap-storage/erddap-12-1/nc/Coastal_Endurance/CE04OSPS/SF01B/4F-PCO2WA102/pco2w_a_sami_data_record/streamed/deployment0003/deployment0003_CE04OSPS-SF01B-4F-PCO2WA102-streamed-pco2w_a_sami_data_record_20160719T080510.343030-20160807T230510.330274.nc
Writing dataset xml file: /var/local/erddap/erddap-storage/erddap-12-1/stream-xml/CE02SHBP-LJ01D-10-PHSEND103-streamed-phsen_data_record-deployment0003.dataset.xml
Writing dataset xml file: /var/local/erddap/erddap-storage/erddap-12-2/stream-xml/CE02SHSM-RID26-04-VELPTA000-telemetered-velpt_ab_dcl_instrument-deployment0003.dataset.xml
Writing dataset xml file: /var/local/erddap/erddap-storage/erddap-12-2/stream-xml/CE02SHSM-RID26-04-VELPTA000-telemetered-velpt_ab_dcl_diagnostics-deployment0003.dataset.xml
Writing dataset xml file: /var/local/erddap/erddap-storage/erddap-12-2/stream-xml/CE02SHSM-RID26-06-PHSEND000-telemetered-phsen_abcdef_dcl_instrument-deployment0003.dataset.xml
Writing dataset xml file: /var/local/erddap/erddap-storage/erddap-12-2/stream-xml/CE02SHSM-RID27-02-FLORTD000-telemetered-flort_dj_dcl_instrument-deployment0003.dataset.xml
Writing dataset xml file: /var/local/erddap/erddap-storage/erddap-12-2/stream-xml/CE02SHSM-RID27-03-CTDBPC000-telemetered-ctdbp_cdef_dcl_instrument-deployment0003.dataset.xml
Writing dataset xml file: /var/local/erddap/erddap-storage/erddap-12-2/stream-xml/CE02SHSM-RID27-04-DOSTAD000-telemetered-dosta_abcdjm_dcl_instrument-deployment0003.dataset.xml
Writing dataset xml file: /var/local/erddap/erddap-storage/erddap-12-2/stream-xml/CE02SHSM-SBD11-01-MOPAK0000-telemetered-mopak_o_dcl_accel-deployment0003.dataset.xml
Writing dataset xml file: /var/local/erddap/erddap-storage/erddap-12-2/stream-xml/CE02SHSM-SBD11-02-HYDGN0000-telemetered-hyd_o_dcl_instrument-deployment0003.dataset.xml
Writing dataset xml file: /var/local/erddap/erddap-storage/erddap-12-2/stream-xml/CE02SHSM-SBD11-04-VELPTA000-telemetered-velpt_ab_dcl_diagnostics-deployment0003.dataset.xml
Writing dataset xml file: /var/local/erddap/erddap-storage/erddap-12-2/stream-xml/CE02SHSM-SBD11-04-VELPTA000-telemetered-velpt_ab_dcl_instrument-deployment0003.dataset.xml
Writing dataset xml file: /var/local/erddap/erddap-storage/erddap-12-2/stream-xml/CE02SHSM-SBD11-06-METBKA000-telemetered-metbk_a_dcl_instrument-deployment0003.dataset.xml
Writing dataset xml file: /var/local/erddap/erddap-storage/erddap-12-2/stream-xml/CE02SHSM-SBD12-03-HYDGN0000-telemetered-hyd_o_dcl_instrument-deployment0003.dataset.xml
Writing dataset xml file: /var/local/erddap/erddap-storage/erddap-12-2/stream-xml/CE02SHSM-SBD12-04-PCO2AA000-telemetered-pco2a_a_dcl_instrument_water-deployment0003.dataset.xml
Writing dataset xml file: /var/local/erddap/erddap-storage/erddap-12-2/stream-xml/CE02SHSM-SBD12-04-PCO2AA000-telemetered-pco2a_a_dcl_instrument_air-deployment0003.dataset.xml
Writing dataset xml file: /var/local/erddap/erddap-storage/erddap-12-2/stream-xml/CE02SHSM-SBD12-05-WAVSSA000-telemetered-wavss_a_dcl_fourier-deployment0003.dataset.xml
Writing dataset xml file: /var/local/erddap/erddap-storage/erddap-12-2/stream-xml/CE02SHSM-SBD12-05-WAVSSA000-telemetered-wavss_a_dcl_statistics-deployment0003.dataset.xml
Writing dataset xml file: /var/local/erddap/erddap-storage/erddap-12-2/stream-xml/CE02SHSM-SBD12-05-WAVSSA000-telemetered-wavss_a_dcl_non_directional-deployment0003.dataset.xml
Writing dataset xml file: /var/local/erddap/erddap-storage/erddap-12-2/stream-xml/CE02SHSM-SBD12-05-WAVSSA000-telemetered-wavss_a_dcl_motion-deployment0003.dataset.xml
Writing dataset xml file: /var/local/erddap/erddap-storage/erddap-12-2/stream-xml/CE04OSSM-RID26-04-VELPTA000-telemetered-velpt_ab_dcl_diagnostics-deployment0002.dataset.xml
Writing dataset xml file: /var/local/erddap/erddap-storage/erddap-12-2/stream-xml/CE04OSSM-RID26-04-VELPTA000-telemetered-velpt_ab_dcl_instrument-deployment0002.dataset.xml
Writing dataset xml file: /var/local/erddap/erddap-storage/erddap-12-2/stream-xml/CE04OSSM-RID26-07-NUTNRB000-telemetered-nutnr_b_dcl_conc_instrument-deployment0002.dataset.xml
Writing dataset xml file: /var/local/erddap/erddap-storage/erddap-12-2/stream-xml/CE04OSSM-RID27-03-CTDBPC000-telemetered-ctdbp_cdef_dcl_instrument-deployment0002.dataset.xml
Skipping (Destination NetCDF exists): /var/local/erddap/erddap-storage/erddap-12-1/nc/Coastal_Endurance/CE04OSPS/PC01B/4A-CTDPFA109/ctdpf_optode_sample/streamed/deployment0003/deployment0003_CE04OSPS-PC01B-4A-CTDPFA109-streamed-ctdpf_optode_sample_20160915T000000.391419-20160916T002411.453970.nc
Skipping (Destination NetCDF exists): /var/local/erddap/erddap-storage/erddap-12-1/nc/Coastal_Endurance/CE04OSPS/PC01B/4A-CTDPFA109/ctdpf_optode_sample/streamed/deployment0003/deployment0003_CE04OSPS-PC01B-4A-CTDPFA109-streamed-ctdpf_optode_sample_20160719T080000.911117-20160720T235959.008283.nc
Skipping (Destination NetCDF exists): /var/local/erddap/erddap-storage/erddap-12-1/nc/Coastal_Endurance/CE04OSPS/PC01B/4A-CTDPFA109/ctdpf_optode_sample/streamed/deployment0003/deployment0003_CE04OSPS-PC01B-4A-CTDPFA109-streamed-ctdpf_optode_sample_20160818T000000.798756-20160819T235959.490699.nc
Skipping (Destination NetCDF exists): /var/local/erddap/erddap-storage/erddap-12-1/nc/Coastal_Endurance/CE04OSPS/PC01B/4A-CTDPFA109/ctdpf_optode_sample/streamed/deployment0003/deployment0003_CE04OSPS-PC01B-4A-CTDPFA109-streamed-ctdpf_optode_sample_20160810T000000.954114-20160811T235959.310380.nc
Skipping (Destination NetCDF exists): /var/local/erddap/erddap-storage/erddap-12-1/nc/Coastal_Endurance/CE04OSPS/PC01B/4A-CTDPFA109/ctdpf_optode_sample/streamed/deployment0003/deployment0003_CE04OSPS-PC01B-4A-CTDPFA109-streamed-ctdpf_optode_sample_20160911T000000.481285-20160912T235959.598630.nc
Skipping (Destination NetCDF exists): /var/local/erddap/erddap-storage/erddap-12-1/nc/Coastal_Endurance/CE04OSPS/PC01B/4A-CTDPFA109/ctdpf_optode_sample/streamed/deployment0003/deployment0003_CE04OSPS-PC01B-4A-CTDPFA109-streamed-ctdpf_optode_sample_20160802T000000.074071-20160803T235959.406829.nc
Skipping (Destination NetCDF exists): /var/local/erddap/erddap-storage/erddap-12-1/nc/Coastal_Endurance/CE04OSPS/PC01B/4A-CTDPFA109/ctdpf_optode_sample/streamed/deployment0003/deployment0003_CE04OSPS-PC01B-4A-CTDPFA109-streamed-ctdpf_optode_sample_20160822T000000.220867-20160823T235959.951616.nc
Skipping (Destination NetCDF exists): /var/local/erddap/erddap-storage/erddap-12-1/nc/Coastal_Endurance/CE04OSPS/PC01B/4A-CTDPFA109/ctdpf_optode_sample/streamed/deployment0003/deployment0003_CE04OSPS-PC01B-4A-CTDPFA109-streamed-ctdpf_optode_sample_20160909T000000.449932-20160910T235959.481277.nc
Skipping (Destination NetCDF exists): /var/local/erddap/erddap-storage/erddap-12-1/nc/Coastal_Endurance/CE04OSPS/PC01B/4A-CTDPFA109/ctdpf_optode_sample/streamed/deployment0003/deployment0003_CE04OSPS-PC01B-4A-CTDPFA109-streamed-ctdpf_optode_sample_20160814T000000.895160-20160815T235959.301810.nc
Skipping (Destination NetCDF exists): /var/local/erddap/erddap-storage/erddap-12-1/nc/Coastal_Endurance/CE04OSPS/PC01B/4A-CTDPFA109/ctdpf_optode_sample/streamed/deployment0003/deployment0003_CE04OSPS-PC01B-4A-CTDPFA109-streamed-ctdpf_optode_sample_20160820T000000.490809-20160821T235959.220963.nc
Skipping (Destination NetCDF exists): /var/local/erddap/erddap-storage/erddap-12-1/nc/Coastal_Endurance/CE04OSPS/PC01B/4A-CTDPFA109/ctdpf_optode_sample/streamed/deployment0003/deployment0003_CE04OSPS-PC01B-4A-CTDPFA109-streamed-ctdpf_optode_sample_20160824T000000.936206-20160825T235959.628769.nc
Skipping (Destination NetCDF exists): /var/local/erddap/erddap-storage/erddap-12-1/nc/Coastal_Endurance/CE04OSPS/PC01B/4A-CTDPFA109/ctdpf_optode_sample/streamed/deployment0003/deployment0003_CE04OSPS-PC01B-4A-CTDPFA109-streamed-ctdpf_optode_sample_20160729T000000.076511-20160730T235959.595106.nc
Skipping (Destination NetCDF exists): /var/local/erddap/erddap-storage/erddap-12-1/nc/Coastal_Endurance/CE04OSPS/PC01B/4A-CTDPFA109/ctdpf_optode_sample/streamed/deployment0003/deployment0003_CE04OSPS-PC01B-4A-CTDPFA109-streamed-ctdpf_optode_sample_20160901T000000.009489-20160902T235959.928708.nc
Skipping (Destination NetCDF exists): /var/local/erddap/erddap-storage/erddap-12-1/nc/Coastal_Endurance/CE04OSPS/PC01B/4A-CTDPFA109/ctdpf_optode_sample/streamed/deployment0003/deployment0003_CE04OSPS-PC01B-4A-CTDPFA109-streamed-ctdpf_optode_sample_20160806T000000.812654-20160807T235959.354614.nc
Skipping (Destination NetCDF exists): /var/local/erddap/erddap-storage/erddap-12-1/nc/Coastal_Endurance/CE04OSPS/PC01B/4A-CTDPFA109/ctdpf_optode_sample/streamed/deployment0003/deployment0003_CE04OSPS-PC01B-4A-CTDPFA109-streamed-ctdpf_optode_sample_20160830T000000.087973-20160831T235959.009381.nc
Skipping (Destination NetCDF exists): /var/local/erddap/erddap-storage/erddap-12-1/nc/Coastal_Endurance/CE04OSPS/PC01B/4A-CTDPFA109/ctdpf_optode_sample/streamed/deployment0003/deployment0003_CE04OSPS-PC01B-4A-CTDPFA109-streamed-ctdpf_optode_sample_20160913T000000.598532-20160914T235959.391206.nc
Skipping (Destination NetCDF exists): /var/local/erddap/erddap-storage/erddap-12-1/nc/Coastal_Endurance/CE04OSPS/PC01B/4A-CTDPFA109/ctdpf_optode_sample/streamed/deployment0003/deployment0003_CE04OSPS-PC01B-4A-CTDPFA109-streamed-ctdpf_optode_sample_20160804T000000.407045-20160805T235959.812335.nc
Skipping (Destination NetCDF exists): /var/local/erddap/erddap-storage/erddap-12-1/nc/Coastal_Endurance/CE04OSPS/PC01B/4A-CTDPFA109/ctdpf_optode_sample/streamed/deployment0003/deployment0003_CE04OSPS-PC01B-4A-CTDPFA109-streamed-ctdpf_optode_sample_20160721T000000.007456-20160722T235959.515146.nc
Skipping (Destination NetCDF exists): /var/local/erddap/erddap-storage/erddap-12-1/nc/Coastal_Endurance/CE04OSPS/PC01B/4A-CTDPFA109/ctdpf_optode_sample/streamed/deployment0003/deployment0003_CE04OSPS-PC01B-4A-CTDPFA109-streamed-ctdpf_optode_sample_20160828T000000.375149-20160829T235959.088696.nc
Skipping (Destination NetCDF exists): /var/local/erddap/erddap-storage/erddap-12-1/nc/Coastal_Endurance/CE04OSPS/PC01B/4A-CTDPFA109/ctdpf_optode_sample/streamed/deployment0003/deployment0003_CE04OSPS-PC01B-4A-CTDPFA109-streamed-ctdpf_optode_sample_20160808T000000.354411-20160809T235959.953378.nc
Skipping (Destination NetCDF exists): /var/local/erddap/erddap-storage/erddap-12-1/nc/Coastal_Endurance/CE04OSPS/PC01B/4A-CTDPFA109/ctdpf_optode_sample/streamed/deployment0003/deployment0003_CE04OSPS-PC01B-4A-CTDPFA109-streamed-ctdpf_optode_sample_20160723T000000.515568-20160724T235959.075931.nc
Skipping (Destination NetCDF exists): /var/local/erddap/erddap-storage/erddap-12-1/nc/Coastal_Endurance/CE04OSPS/PC01B/4A-CTDPFA109/ctdpf_optode_sample/streamed/deployment0003/deployment0003_CE04OSPS-PC01B-4A-CTDPFA109-streamed-ctdpf_optode_sample_20160731T000000.594695-20160801T235959.060942.nc
Skipping (Destination NetCDF exists): /var/local/erddap/erddap-storage/erddap-12-1/nc/Coastal_Endurance/CE04OSPS/PC01B/4A-CTDPFA109/ctdpf_optode_sample/streamed/deployment0003/deployment0003_CE04OSPS-PC01B-4A-CTDPFA109-streamed-ctdpf_optode_sample_20160727T000000.635855-20160728T235959.077339.nc
Skipping (Destination NetCDF exists): /var/local/erddap/erddap-storage/erddap-12-1/nc/Coastal_Endurance/CE04OSPS/PC01B/4A-CTDPFA109/ctdpf_optode_sample/streamed/deployment0003/deployment0003_CE04OSPS-PC01B-4A-CTDPFA109-streamed-ctdpf_optode_sample_20160816T000000.301817-20160817T235959.799167.nc
Skipping (Destination NetCDF exists): /var/local/erddap/erddap-storage/erddap-12-1/nc/Coastal_Endurance/CE04OSPS/PC01B/4A-CTDPFA109/ctdpf_optode_sample/streamed/deployment0003/deployment0003_CE04OSPS-PC01B-4A-CTDPFA109-streamed-ctdpf_optode_sample_20160905T000000.676195-20160906T235959.470749.nc
Skipping (Destination NetCDF exists): /var/local/erddap/erddap-storage/erddap-12-1/nc/Coastal_Endurance/CE04OSPS/PC01B/4A-CTDPFA109/ctdpf_optode_sample/streamed/deployment0003/deployment0003_CE04OSPS-PC01B-4A-CTDPFA109-streamed-ctdpf_optode_sample_20160907T000000.471067-20160908T235959.448989.nc
Skipping (Destination NetCDF exists): /var/local/erddap/erddap-storage/erddap-12-1/nc/Coastal_Endurance/CE04OSPS/PC01B/4A-CTDPFA109/ctdpf_optode_sample/streamed/deployment0003/deployment0003_CE04OSPS-PC01B-4A-CTDPFA109-streamed-ctdpf_optode_sample_20160826T000000.628983-20160827T235959.375142.nc
Skipping (Destination NetCDF exists): /var/local/erddap/erddap-storage/erddap-12-1/nc/Coastal_Endurance/CE04OSPS/PC01B/4A-CTDPFA109/ctdpf_optode_sample/streamed/deployment0003/deployment0003_CE04OSPS-PC01B-4A-CTDPFA109-streamed-ctdpf_optode_sample_20160812T000000.310698-20160813T235959.896092.nc
Skipping (Destination NetCDF exists): /var/local/erddap/erddap-storage/erddap-12-1/nc/Coastal_Endurance/CE04OSPS/PC01B/4A-CTDPFA109/ctdpf_optode_sample/streamed/deployment0003/deployment0003_CE04OSPS-PC01B-4A-CTDPFA109-streamed-ctdpf_optode_sample_20160725T000000.075832-20160726T235959.634077.nc
Skipping (Destination NetCDF exists): /var/local/erddap/erddap-storage/erddap-12-1/nc/Coastal_Endurance/CE04OSPS/PC01B/4A-CTDPFA109/ctdpf_optode_sample/streamed/deployment0003/deployment0003_CE04OSPS-PC01B-4A-CTDPFA109-streamed-ctdpf_optode_sample_20160903T000000.928819-20160904T235959.676709.nc
Skipping (Destination NetCDF exists): /var/local/erddap/erddap-storage/erddap-12-1/nc/Coastal_Endurance/CE04OSPS/SF01B/2A-CTDPFA107/ctdpf_sbe43_sample/streamed/deployment0003/deployment0003_CE04OSPS-SF01B-2A-CTDPFA107-streamed-ctdpf_sbe43_sample_20160814T000000.036255-20160814T235959.541274.nc
Skipping (Destination NetCDF exists): /var/local/erddap/erddap-storage/erddap-12-1/nc/Coastal_Endurance/CE04OSPS/SF01B/2A-CTDPFA107/ctdpf_sbe43_sample/streamed/deployment0003/deployment0003_CE04OSPS-SF01B-2A-CTDPFA107-streamed-ctdpf_sbe43_sample_20160804T000000.574514-20160804T235959.595800.nc
Skipping (Destination NetCDF exists): /var/local/erddap/erddap-storage/erddap-12-1/nc/Coastal_Endurance/CE04OSPS/SF01B/2A-CTDPFA107/ctdpf_sbe43_sample/streamed/deployment0003/deployment0003_CE04OSPS-SF01B-2A-CTDPFA107-streamed-ctdpf_sbe43_sample_20160824T000000.368573-20160824T235959.151449.nc
Skipping (Destination NetCDF exists): /var/local/erddap/erddap-storage/erddap-12-1/nc/Coastal_Endurance/CE04OSPS/SF01B/2A-CTDPFA107/ctdpf_sbe43_sample/streamed/deployment0003/deployment0003_CE04OSPS-SF01B-2A-CTDPFA107-streamed-ctdpf_sbe43_sample_20160722T000000.838867-20160722T235959.480618.nc
Skipping (Destination NetCDF exists): /var/local/erddap/erddap-storage/erddap-12-1/nc/Coastal_Endurance/CE04OSPS/SF01B/2A-CTDPFA107/ctdpf_sbe43_sample/streamed/deployment0003/deployment0003_CE04OSPS-SF01B-2A-CTDPFA107-streamed-ctdpf_sbe43_sample_20160913T000000.857687-20160913T235959.486238.nc
Skipping (Destination NetCDF exists): /var/local/erddap/erddap-storage/erddap-12-1/nc/Coastal_Endurance/CE04OSPS/SF01B/2A-CTDPFA107/ctdpf_sbe43_sample/streamed/deployment0003/deployment0003_CE04OSPS-SF01B-2A-CTDPFA107-streamed-ctdpf_sbe43_sample_20160910T000000.675148-20160910T235959.444633.nc
Skipping (Destination NetCDF exists): /var/local/erddap/erddap-storage/erddap-12-1/nc/Coastal_Endurance/CE04OSPS/SF01B/2A-CTDPFA107/ctdpf_sbe43_sample/streamed/deployment0003/deployment0003_CE04OSPS-SF01B-2A-CTDPFA107-streamed-ctdpf_sbe43_sample_20160825T000000.150936-20160825T235959.779584.nc
Skipping (Destination NetCDF exists): /var/local/erddap/erddap-storage/erddap-12-1/nc/Coastal_Endurance/CE04OSPS/SF01B/2A-CTDPFA107/ctdpf_sbe43_sample/streamed/deployment0003/deployment0003_CE04OSPS-SF01B-2A-CTDPFA107-streamed-ctdpf_sbe43_sample_20160802T000000.341242-20160802T235959.044294.nc
Skipping (Destination NetCDF exists): /var/local/erddap/erddap-storage/erddap-12-1/nc/Coastal_Endurance/CE04OSPS/SF01B/2A-CTDPFA107/ctdpf_sbe43_sample/streamed/deployment0003/deployment0003_CE04OSPS-SF01B-2A-CTDPFA107-streamed-ctdpf_sbe43_sample_20160906T000000.152959-20160906T235959.802958.nc
Skipping (Destination NetCDF exists): /var/local/erddap/erddap-storage/erddap-12-1/nc/Coastal_Endurance/CE04OSPS/SF01B/2A-CTDPFA107/ctdpf_sbe43_sample/streamed/deployment0003/deployment0003_CE04OSPS-SF01B-2A-CTDPFA107-streamed-ctdpf_sbe43_sample_20160818T000000.582145-20160818T235959.167071.nc
Skipping (Destination NetCDF exists): /var/local/erddap/erddap-storage/erddap-12-1/nc/Coastal_Endurance/CE04OSPS/SF01B/2A-CTDPFA107/ctdpf_sbe43_sample/streamed/deployment0003/deployment0003_CE04OSPS-SF01B-2A-CTDPFA107-streamed-ctdpf_sbe43_sample_20160725T000000.126235-20160725T235959.906681.nc
Skipping (Destination NetCDF exists): /var/local/erddap/erddap-storage/erddap-12-1/nc/Coastal_Endurance/CE04OSPS/SF01B/2A-CTDPFA107/ctdpf_sbe43_sample/streamed/deployment0003/deployment0003_CE04OSPS-SF01B-2A-CTDPFA107-streamed-ctdpf_sbe43_sample_20160812T000000.952234-20160812T235959.596529.nc
Skipping (Destination NetCDF exists): /var/local/erddap/erddap-storage/erddap-12-1/nc/Coastal_Endurance/CE04OSPS/SF01B/2A-CTDPFA107/ctdpf_sbe43_sample/streamed/deployment0003/deployment0003_CE04OSPS-SF01B-2A-CTDPFA107-streamed-ctdpf_sbe43_sample_20160729T000000.113865-20160729T235959.727101.nc
Skipping (Destination NetCDF exists): /var/local/erddap/erddap-storage/erddap-12-1/nc/Coastal_Endurance/CE04OSPS/SF01B/2A-CTDPFA107/ctdpf_sbe43_sample/streamed/deployment0003/deployment0003_CE04OSPS-SF01B-2A-CTDPFA107-streamed-ctdpf_sbe43_sample_20160731T000000.267938-20160731T235959.789069.nc
Skipping (Destination NetCDF exists): /var/local/erddap/erddap-storage/erddap-12-1/nc/Coastal_Endurance/CE04OSPS/SF01B/2A-CTDPFA107/ctdpf_sbe43_sample/streamed/deployment0003/deployment0003_CE04OSPS-SF01B-2A-CTDPFA107-streamed-ctdpf_sbe43_sample_20160808T000000.205779-20160808T235959.902174.nc
Skipping (Destination NetCDF exists): /var/local/erddap/erddap-storage/erddap-12-1/nc/Coastal_Endurance/CE04OSPS/SF01B/2A-CTDPFA107/ctdpf_sbe43_sample/streamed/deployment0003/deployment0003_CE04OSPS-SF01B-2A-CTDPFA107-streamed-ctdpf_sbe43_sample_20160831T000000.251310-20160831T235959.858274.nc
Skipping (Destination NetCDF exists): /var/local/erddap/erddap-storage/erddap-12-1/nc/Coastal_Endurance/CE04OSPS/SF01B/2A-CTDPFA107/ctdpf_sbe43_sample/streamed/deployment0003/deployment0003_CE04OSPS-SF01B-2A-CTDPFA107-streamed-ctdpf_sbe43_sample_20160730T000000.727004-20160730T235959.267830.nc
Skipping (Destination NetCDF exists): /var/local/erddap/erddap-storage/erddap-12-1/nc/Coastal_Endurance/CE04OSPS/SF01B/2A-CTDPFA107/ctdpf_sbe43_sample/streamed/deployment0003/deployment0003_CE04OSPS-SF01B-2A-CTDPFA107-streamed-ctdpf_sbe43_sample_20160801T000000.788971-20160801T235959.341113.nc
Skipping (Destination NetCDF exists): /var/local/erddap/erddap-storage/erddap-12-1/nc/Coastal_Endurance/CE04OSPS/SF01B/2A-CTDPFA107/ctdpf_sbe43_sample/streamed/deployment0003/deployment0003_CE04OSPS-SF01B-2A-CTDPFA107-streamed-ctdpf_sbe43_sample_20160823T000000.572687-20160823T235959.368359.nc
Skipping (Destination NetCDF exists): /var/local/erddap/erddap-storage/erddap-12-1/nc/Coastal_Endurance/CE04OSPS/SF01B/2A-CTDPFA107/ctdpf_sbe43_sample/streamed/deployment0003/deployment0003_CE04OSPS-SF01B-2A-CTDPFA107-streamed-ctdpf_sbe43_sample_20160811T000000.351621-20160811T235959.952439.nc
Skipping (Destination NetCDF exists): /var/local/erddap/erddap-storage/erddap-12-1/nc/Coastal_Endurance/CE04OSPS/SF01B/2A-CTDPFA107/ctdpf_sbe43_sample/streamed/deployment0003/deployment0003_CE04OSPS-SF01B-2A-CTDPFA107-streamed-ctdpf_sbe43_sample_20160828T000000.215269-20160828T235959.930114.nc
Skipping (Destination NetCDF exists): /var/local/erddap/erddap-storage/erddap-12-1/nc/Coastal_Endurance/CE04OSPS/SF01B/2A-CTDPFA107/ctdpf_sbe43_sample/streamed/deployment0003/deployment0003_CE04OSPS-SF01B-2A-CTDPFA107-streamed-ctdpf_sbe43_sample_20160821T000000.446183-20160821T235959.966510.nc
Skipping (Destination NetCDF exists): /var/local/erddap/erddap-storage/erddap-12-1/nc/Coastal_Endurance/CE04OSPS/SF01B/2A-CTDPFA107/ctdpf_sbe43_sample/streamed/deployment0003/deployment0003_CE04OSPS-SF01B-2A-CTDPFA107-streamed-ctdpf_sbe43_sample_20160724T000000.322307-20160724T235959.126332.nc
Skipping (Destination NetCDF exists): /var/local/erddap/erddap-storage/erddap-12-1/nc/Coastal_Endurance/CE04OSPS/SF01B/2A-CTDPFA107/ctdpf_sbe43_sample/streamed/deployment0003/deployment0003_CE04OSPS-SF01B-2A-CTDPFA107-streamed-ctdpf_sbe43_sample_20160819T000000.167390-20160819T235959.736360.nc
Skipping (Destination NetCDF exists): /var/local/erddap/erddap-storage/erddap-12-1/nc/Coastal_Endurance/CE04OSPS/SF01B/2A-CTDPFA107/ctdpf_sbe43_sample/streamed/deployment0003/deployment0003_CE04OSPS-SF01B-2A-CTDPFA107-streamed-ctdpf_sbe43_sample_20160914T000000.473120-20160914T235959.127539.nc
Skipping (Destination NetCDF exists): /var/local/erddap/erddap-storage/erddap-12-1/nc/Coastal_Endurance/CE04OSPS/SF01B/2A-CTDPFA107/ctdpf_sbe43_sample/streamed/deployment0003/deployment0003_CE04OSPS-SF01B-2A-CTDPFA107-streamed-ctdpf_sbe43_sample_20160901T000000.858177-20160901T235959.509449.nc
Skipping (Destination NetCDF exists): /var/local/erddap/erddap-storage/erddap-12-1/nc/Coastal_Endurance/CE04OSPS/SF01B/2A-CTDPFA107/ctdpf_sbe43_sample/streamed/deployment0003/deployment0003_CE04OSPS-SF01B-2A-CTDPFA107-streamed-ctdpf_sbe43_sample_20160815T000000.541177-20160815T235959.208630.nc
Skipping (Destination NetCDF exists): /var/local/erddap/erddap-storage/erddap-12-1/nc/Coastal_Endurance/CE04OSPS/SF01B/2A-CTDPFA107/ctdpf_sbe43_sample/streamed/deployment0003/deployment0003_CE04OSPS-SF01B-2A-CTDPFA107-streamed-ctdpf_sbe43_sample_20160813T000000.596429-20160813T235959.036041.nc
Skipping (Destination NetCDF exists): /var/local/erddap/erddap-storage/erddap-12-1/nc/Coastal_Endurance/CE04OSPS/SF01B/2A-CTDPFA107/ctdpf_sbe43_sample/streamed/deployment0003/deployment0003_CE04OSPS-SF01B-2A-CTDPFA107-streamed-ctdpf_sbe43_sample_20160822T000000.966933-20160822T235959.572787.nc
Skipping (Destination NetCDF exists): /var/local/erddap/erddap-storage/erddap-12-1/nc/Coastal_Endurance/CE04OSPS/SF01B/2A-CTDPFA107/ctdpf_sbe43_sample/streamed/deployment0003/deployment0003_CE04OSPS-SF01B-2A-CTDPFA107-streamed-ctdpf_sbe43_sample_20160723T000000.480623-20160723T235959.322301.nc
Skipping (Destination NetCDF exists): /var/local/erddap/erddap-storage/erddap-12-1/nc/Coastal_Endurance/CE04OSPS/SF01B/2A-CTDPFA107/ctdpf_sbe43_sample/streamed/deployment0003/deployment0003_CE04OSPS-SF01B-2A-CTDPFA107-streamed-ctdpf_sbe43_sample_20160719T080000.825737-20160719T235959.180058.nc
Skipping (Destination NetCDF exists): /var/local/erddap/erddap-storage/erddap-12-1/nc/Coastal_Endurance/CE04OSPS/SF01B/2A-CTDPFA107/ctdpf_sbe43_sample/streamed/deployment0003/deployment0003_CE04OSPS-SF01B-2A-CTDPFA107-streamed-ctdpf_sbe43_sample_20160726T000000.906790-20160726T235959.631666.nc
Skipping (Destination NetCDF exists): /var/local/erddap/erddap-storage/erddap-12-1/nc/Coastal_Endurance/CE04OSPS/SF01B/2A-CTDPFA107/ctdpf_sbe43_sample/streamed/deployment0003/deployment0003_CE04OSPS-SF01B-2A-CTDPFA107-streamed-ctdpf_sbe43_sample_20160806T000000.381641-20160806T235959.308290.nc
Skipping (Destination NetCDF exists): /var/local/erddap/erddap-storage/erddap-12-1/nc/Coastal_Endurance/CE04OSPS/SF01B/2A-CTDPFA107/ctdpf_sbe43_sample/streamed/deployment0003/deployment0003_CE04OSPS-SF01B-2A-CTDPFA107-streamed-ctdpf_sbe43_sample_20160915T000000.127546-20160915T235959.779211.nc
Skipping (Destination NetCDF exists): /var/local/erddap/erddap-storage/erddap-12-1/nc/Coastal_Endurance/CE04OSPS/SF01B/2A-CTDPFA107/ctdpf_sbe43_sample/streamed/deployment0003/deployment0003_CE04OSPS-SF01B-2A-CTDPFA107-streamed-ctdpf_sbe43_sample_20160916T000000.779216-20160916T003334.825403.nc
Skipping (Destination NetCDF exists): /var/local/erddap/erddap-storage/erddap-12-1/nc/Coastal_Endurance/CE04OSPS/SF01B/2A-CTDPFA107/ctdpf_sbe43_sample/streamed/deployment0003/deployment0003_CE04OSPS-SF01B-2A-CTDPFA107-streamed-ctdpf_sbe43_sample_20160721T000000.122374-20160721T235959.838861.nc
Skipping (Destination NetCDF exists): /var/local/erddap/erddap-storage/erddap-12-1/nc/Coastal_Endurance/CE04OSPS/SF01B/2A-CTDPFA107/ctdpf_sbe43_sample/streamed/deployment0003/deployment0003_CE04OSPS-SF01B-2A-CTDPFA107-streamed-ctdpf_sbe43_sample_20160912T000000.091091-20160912T235959.857786.nc
Skipping (Destination NetCDF exists): /var/local/erddap/erddap-storage/erddap-12-1/nc/Coastal_Endurance/CE04OSPS/SF01B/2A-CTDPFA107/ctdpf_sbe43_sample/streamed/deployment0003/deployment0003_CE04OSPS-SF01B-2A-CTDPFA107-streamed-ctdpf_sbe43_sample_20160830T000000.553264-20160830T235959.251200.nc
Skipping (Destination NetCDF exists): /var/local/erddap/erddap-storage/erddap-12-1/nc/Coastal_Endurance/CE04OSPS/SF01B/2A-CTDPFA107/ctdpf_sbe43_sample/streamed/deployment0003/deployment0003_CE04OSPS-SF01B-2A-CTDPFA107-streamed-ctdpf_sbe43_sample_20160727T000000.631463-20160727T235959.324094.nc
Skipping (Destination NetCDF exists): /var/local/erddap/erddap-storage/erddap-12-1/nc/Coastal_Endurance/CE04OSPS/SF01B/2A-CTDPFA107/ctdpf_sbe43_sample/streamed/deployment0003/deployment0003_CE04OSPS-SF01B-2A-CTDPFA107-streamed-ctdpf_sbe43_sample_20160826T000000.778549-20160826T235959.417661.nc
Skipping (Destination NetCDF exists): /var/local/erddap/erddap-storage/erddap-12-1/nc/Coastal_Endurance/CE04OSPS/SF01B/2A-CTDPFA107/ctdpf_sbe43_sample/streamed/deployment0003/deployment0003_CE04OSPS-SF01B-2A-CTDPFA107-streamed-ctdpf_sbe43_sample_20160902T000000.509141-20160902T235959.156072.nc
Skipping (Destination NetCDF exists): /var/local/erddap/erddap-storage/erddap-12-1/nc/Coastal_Endurance/CE04OSPS/SF01B/2A-CTDPFA107/ctdpf_sbe43_sample/streamed/deployment0003/deployment0003_CE04OSPS-SF01B-2A-CTDPFA107-streamed-ctdpf_sbe43_sample_20160820T000000.736678-20160820T235959.446281.nc
Skipping (Destination NetCDF exists): /var/local/erddap/erddap-storage/erddap-12-1/nc/Coastal_Endurance/CE04OSPS/SF01B/2A-CTDPFA107/ctdpf_sbe43_sample/streamed/deployment0003/deployment0003_CE04OSPS-SF01B-2A-CTDPFA107-streamed-ctdpf_sbe43_sample_20160809T000000.902179-20160809T235959.638750.nc
Skipping (Destination NetCDF exists): /var/local/erddap/erddap-storage/erddap-12-1/nc/Coastal_Endurance/CE04OSPS/SF01B/2A-CTDPFA107/ctdpf_sbe43_sample/streamed/deployment0003/deployment0003_CE04OSPS-SF01B-2A-CTDPFA107-streamed-ctdpf_sbe43_sample_20160817T000000.846176-20160817T235959.582242.nc
Skipping (Destination NetCDF exists): /var/local/erddap/erddap-storage/erddap-12-1/nc/Coastal_Endurance/CE04OSPS/SF01B/2A-CTDPFA107/ctdpf_sbe43_sample/streamed/deployment0003/deployment0003_CE04OSPS-SF01B-2A-CTDPFA107-streamed-ctdpf_sbe43_sample_20160807T000000.308296-20160807T235959.205771.nc
Skipping (Destination NetCDF exists): /var/local/erddap/erddap-storage/erddap-12-1/nc/Coastal_Endurance/CE04OSPS/SF01B/2A-CTDPFA107/ctdpf_sbe43_sample/streamed/deployment0003/deployment0003_CE04OSPS-SF01B-2A-CTDPFA107-streamed-ctdpf_sbe43_sample_20160728T000000.323997-20160728T235959.114694.nc
Skipping (Destination NetCDF exists): /var/local/erddap/erddap-storage/erddap-12-1/nc/Coastal_Endurance/CE04OSPS/SF01B/2A-CTDPFA107/ctdpf_sbe43_sample/streamed/deployment0003/deployment0003_CE04OSPS-SF01B-2A-CTDPFA107-streamed-ctdpf_sbe43_sample_20160805T000000.595807-20160805T235959.382154.nc
Skipping (Destination NetCDF exists): /var/local/erddap/erddap-storage/erddap-12-1/nc/Coastal_Endurance/CE04OSPS/SF01B/2A-CTDPFA107/ctdpf_sbe43_sample/streamed/deployment0003/deployment0003_CE04OSPS-SF01B-2A-CTDPFA107-streamed-ctdpf_sbe43_sample_20160905T000000.420927-20160905T235959.152849.nc
Skipping (Destination NetCDF exists): /var/local/erddap/erddap-storage/erddap-12-1/nc/Coastal_Endurance/CE04OSPS/SF01B/2A-CTDPFA107/ctdpf_sbe43_sample/streamed/deployment0003/deployment0003_CE04OSPS-SF01B-2A-CTDPFA107-streamed-ctdpf_sbe43_sample_20160810T000000.638232-20160810T235959.350781.nc
Skipping (Destination NetCDF exists): /var/local/erddap/erddap-storage/erddap-12-1/nc/Coastal_Endurance/CE04OSPS/SF01B/2A-CTDPFA107/ctdpf_sbe43_sample/streamed/deployment0003/deployment0003_CE04OSPS-SF01B-2A-CTDPFA107-streamed-ctdpf_sbe43_sample_20160829T000000.930223-20160829T235959.552946.nc
Skipping (Destination NetCDF exists): /var/local/erddap/erddap-storage/erddap-12-1/nc/Coastal_Endurance/CE04OSPS/SF01B/2A-CTDPFA107/ctdpf_sbe43_sample/streamed/deployment0003/deployment0003_CE04OSPS-SF01B-2A-CTDPFA107-streamed-ctdpf_sbe43_sample_20160908T000000.504099-20160908T235959.093979.nc
Skipping (Destination NetCDF exists): /var/local/erddap/erddap-storage/erddap-12-1/nc/Coastal_Endurance/CE04OSPS/SF01B/2A-CTDPFA107/ctdpf_sbe43_sample/streamed/deployment0003/deployment0003_CE04OSPS-SF01B-2A-CTDPFA107-streamed-ctdpf_sbe43_sample_20160904T000000.921248-20160904T235959.420923.nc
Skipping (Destination NetCDF exists): /var/local/erddap/erddap-storage/erddap-12-1/nc/Coastal_Endurance/CE04OSPS/SF01B/2A-CTDPFA107/ctdpf_sbe43_sample/streamed/deployment0003/deployment0003_CE04OSPS-SF01B-2A-CTDPFA107-streamed-ctdpf_sbe43_sample_20160803T000000.044466-20160803T235959.588365.nc
Skipping (Destination NetCDF exists): /var/local/erddap/erddap-storage/erddap-12-1/nc/Coastal_Endurance/CE04OSPS/SF01B/2A-CTDPFA107/ctdpf_sbe43_sample/streamed/deployment0003/deployment0003_CE04OSPS-SF01B-2A-CTDPFA107-streamed-ctdpf_sbe43_sample_20160720T000000.179856-20160720T235959.122367.nc
Skipping (Destination NetCDF exists): /var/local/erddap/erddap-storage/erddap-12-1/nc/Coastal_Endurance/CE04OSPS/SF01B/2A-CTDPFA107/ctdpf_sbe43_sample/streamed/deployment0003/deployment0003_CE04OSPS-SF01B-2A-CTDPFA107-streamed-ctdpf_sbe43_sample_20160903T000000.155869-20160903T235959.920825.nc
Skipping (Destination NetCDF exists): /var/local/erddap/erddap-storage/erddap-12-1/nc/Coastal_Endurance/CE04OSPS/SF01B/2A-CTDPFA107/ctdpf_sbe43_sample/streamed/deployment0003/deployment0003_CE04OSPS-SF01B-2A-CTDPFA107-streamed-ctdpf_sbe43_sample_20160909T000000.094296-20160909T235959.675247.nc
Skipping (Destination NetCDF exists): /var/local/erddap/erddap-storage/erddap-12-1/nc/Coastal_Endurance/CE04OSPS/SF01B/2A-CTDPFA107/ctdpf_sbe43_sample/streamed/deployment0003/deployment0003_CE04OSPS-SF01B-2A-CTDPFA107-streamed-ctdpf_sbe43_sample_20160911T000000.444535-20160911T235959.090980.nc
Skipping (Destination NetCDF exists): /var/local/erddap/erddap-storage/erddap-12-1/nc/Coastal_Endurance/CE04OSPS/SF01B/2A-CTDPFA107/ctdpf_sbe43_sample/streamed/deployment0003/deployment0003_CE04OSPS-SF01B-2A-CTDPFA107-streamed-ctdpf_sbe43_sample_20160907T000000.803484-20160907T235959.504405.nc
Skipping (Destination NetCDF exists): /var/local/erddap/erddap-storage/erddap-12-1/nc/Coastal_Endurance/CE04OSPS/SF01B/2A-CTDPFA107/ctdpf_sbe43_sample/streamed/deployment0003/deployment0003_CE04OSPS-SF01B-2A-CTDPFA107-streamed-ctdpf_sbe43_sample_20160827T000000.417771-20160827T235959.201618.nc
Skipping (Destination NetCDF exists): /var/local/erddap/erddap-storage/erddap-12-1/nc/Coastal_Endurance/CE04OSPS/SF01B/2A-CTDPFA107/ctdpf_sbe43_sample/streamed/deployment0003/deployment0003_CE04OSPS-SF01B-2A-CTDPFA107-streamed-ctdpf_sbe43_sample_20160816T000000.208322-20160816T235959.846273.nc
Skipping (Destination NetCDF exists): /var/local/erddap/erddap-storage/erddap-12-1/nc/Coastal_Endurance/CE04OSPS/SF01B/3A-FLORTD104/flort_d_data_record/streamed/deployment0003/deployment0003_CE04OSPS-SF01B-3A-FLORTD104-streamed-flort_d_data_record_20160810T000000.046095-20160811T235959.678531.nc
Skipping (Destination NetCDF exists): /var/local/erddap/erddap-storage/erddap-12-1/nc/Coastal_Endurance/CE04OSPS/SF01B/3A-FLORTD104/flort_d_data_record/streamed/deployment0003/deployment0003_CE04OSPS-SF01B-3A-FLORTD104-streamed-flort_d_data_record_20160812T000000.807248-20160813T235959.197853.nc
Skipping (Destination NetCDF exists): /var/local/erddap/erddap-storage/erddap-12-1/nc/Coastal_Endurance/CE04OSPS/SF01B/3A-FLORTD104/flort_d_data_record/streamed/deployment0003/deployment0003_CE04OSPS-SF01B-3A-FLORTD104-streamed-flort_d_data_record_20160729T000000.675458-20160730T235959.027152.nc
Skipping (Destination NetCDF exists): /var/local/erddap/erddap-storage/erddap-12-1/nc/Coastal_Endurance/CE04OSPS/SF01B/3A-FLORTD104/flort_d_data_record/streamed/deployment0003/deployment0003_CE04OSPS-SF01B-3A-FLORTD104-streamed-flort_d_data_record_20160808T000000.398847-20160809T235958.917491.nc
Skipping (Destination NetCDF exists): /var/local/erddap/erddap-storage/erddap-12-1/nc/Coastal_Endurance/CE04OSPS/SF01B/3A-FLORTD104/flort_d_data_record/streamed/deployment0003/deployment0003_CE04OSPS-SF01B-3A-FLORTD104-streamed-flort_d_data_record_20160814T000000.326643-20160815T235959.815885.nc
Skipping (Destination NetCDF exists): /var/local/erddap/erddap-storage/erddap-12-1/nc/Coastal_Endurance/CE04OSPS/SF01B/3A-FLORTD104/flort_d_data_record/streamed/deployment0003/deployment0003_CE04OSPS-SF01B-3A-FLORTD104-streamed-flort_d_data_record_20160915T000000.690926-20160916T003045.267118.nc
Skipping (Destination NetCDF exists): /var/local/erddap/erddap-storage/erddap-12-1/nc/Coastal_Endurance/CE04OSPS/SF01B/3A-FLORTD104/flort_d_data_record/streamed/deployment0003/deployment0003_CE04OSPS-SF01B-3A-FLORTD104-streamed-flort_d_data_record_20160719T080000.745988-20160720T235959.097401.nc
Skipping (Destination NetCDF exists): /var/local/erddap/erddap-storage/erddap-12-1/nc/Coastal_Endurance/CE04OSPS/SF01B/3A-FLORTD104/flort_d_data_record/streamed/deployment0003/deployment0003_CE04OSPS-SF01B-3A-FLORTD104-streamed-flort_d_data_record_20160913T000000.130982-20160914T235959.562486.nc
Skipping (Destination NetCDF exists): /var/local/erddap/erddap-storage/erddap-12-1/nc/Coastal_Endurance/CE04OSPS/SF01B/3A-FLORTD104/flort_d_data_record/streamed/deployment0003/deployment0003_CE04OSPS-SF01B-3A-FLORTD104-streamed-flort_d_data_record_20160828T000000.122905-20160829T235959.553989.nc
Skipping (Destination NetCDF exists): /var/local/erddap/erddap-storage/erddap-12-1/nc/Coastal_Endurance/CE04OSPS/SF01B/3A-FLORTD104/flort_d_data_record/streamed/deployment0003/deployment0003_CE04OSPS-SF01B-3A-FLORTD104-streamed-flort_d_data_record_20160901T000000.099884-20160902T235959.317814.nc
Skipping (Destination NetCDF exists): /var/local/erddap/erddap-storage/erddap-12-1/nc/Coastal_Endurance/CE04OSPS/SF01B/3A-FLORTD104/flort_d_data_record/streamed/deployment0003/deployment0003_CE04OSPS-SF01B-3A-FLORTD104-streamed-flort_d_data_record_20160911T000000.620731-20160912T235959.002520.nc
Skipping (Destination NetCDF exists): /var/local/erddap/erddap-storage/erddap-12-1/nc/Coastal_Endurance/CE04OSPS/SF01B/3A-FLORTD104/flort_d_data_record/streamed/deployment0003/deployment0003_CE04OSPS-SF01B-3A-FLORTD104-streamed-flort_d_data_record_20160727T000000.072759-20160728T235959.546732.nc
Skipping (Destination NetCDF exists): /var/local/erddap/erddap-storage/erddap-12-1/nc/Coastal_Endurance/CE04OSPS/SF01B/3A-FLORTD104/flort_d_data_record/streamed/deployment0003/deployment0003_CE04OSPS-SF01B-3A-FLORTD104-streamed-flort_d_data_record_20160725T000000.524163-20160726T235958.944102.nc
Skipping (Destination NetCDF exists): /var/local/erddap/erddap-storage/erddap-12-1/nc/Coastal_Endurance/CE04OSPS/SF01B/3A-FLORTD104/flort_d_data_record/streamed/deployment0003/deployment0003_CE04OSPS-SF01B-3A-FLORTD104-streamed-flort_d_data_record_20160903T000000.446274-20160904T235959.842888.nc
Skipping (Destination NetCDF exists): /var/local/erddap/erddap-storage/erddap-12-1/nc/Coastal_Endurance/CE04OSPS/SF01B/3A-FLORTD104/flort_d_data_record/streamed/deployment0003/deployment0003_CE04OSPS-SF01B-3A-FLORTD104-streamed-flort_d_data_record_20160820T000001.091577-20160821T235959.566440.nc
Skipping (Destination NetCDF exists): /var/local/erddap/erddap-storage/erddap-12-1/nc/Coastal_Endurance/CE04OSPS/SF01B/3A-FLORTD104/flort_d_data_record/streamed/deployment0003/deployment0003_CE04OSPS-SF01B-3A-FLORTD104-streamed-flort_d_data_record_20160721T000000.226099-20160722T235959.813300.nc
Skipping (Destination NetCDF exists): /var/local/erddap/erddap-storage/erddap-12-1/nc/Coastal_Endurance/CE04OSPS/SF01B/3A-FLORTD104/flort_d_data_record/streamed/deployment0003/deployment0003_CE04OSPS-SF01B-3A-FLORTD104-streamed-flort_d_data_record_20160818T000000.537679-20160819T235959.962873.nc
Skipping (Destination NetCDF exists): /var/local/erddap/erddap-storage/erddap-12-1/nc/Coastal_Endurance/CE04OSPS/SF01B/3A-FLORTD104/flort_d_data_record/streamed/deployment0003/deployment0003_CE04OSPS-SF01B-3A-FLORTD104-streamed-flort_d_data_record_20160802T000000.575861-20160803T235958.975953.nc
Skipping (Destination NetCDF exists): /var/local/erddap/erddap-storage/erddap-12-1/nc/Coastal_Endurance/CE04OSPS/SF01B/3A-FLORTD104/flort_d_data_record/streamed/deployment0003/deployment0003_CE04OSPS-SF01B-3A-FLORTD104-streamed-flort_d_data_record_20160907T000000.358634-20160908T235959.786578.nc
Skipping (Destination NetCDF exists): /var/local/erddap/erddap-storage/erddap-12-1/nc/Coastal_Endurance/CE04OSPS/SF01B/3A-FLORTD104/flort_d_data_record/streamed/deployment0003/deployment0003_CE04OSPS-SF01B-3A-FLORTD104-streamed-flort_d_data_record_20160826T000000.662028-20160827T235958.994151.nc
Skipping (Destination NetCDF exists): /var/local/erddap/erddap-storage/erddap-12-1/nc/Coastal_Endurance/CE04OSPS/SF01B/3A-FLORTD104/flort_d_data_record/streamed/deployment0003/deployment0003_CE04OSPS-SF01B-3A-FLORTD104-streamed-flort_d_data_record_20160822T000000.695350-20160823T235958.931772.nc
Skipping (Destination NetCDF exists): /var/local/erddap/erddap-storage/erddap-12-1/nc/Coastal_Endurance/CE04OSPS/SF01B/3A-FLORTD104/flort_d_data_record/streamed/deployment0003/deployment0003_CE04OSPS-SF01B-3A-FLORTD104-streamed-flort_d_data_record_20160806T000000.811572-20160807T235959.270401.nc
Skipping (Destination NetCDF exists): /var/local/erddap/erddap-storage/erddap-12-1/nc/Coastal_Endurance/CE04OSPS/SF01B/3A-FLORTD104/flort_d_data_record/streamed/deployment0003/deployment0003_CE04OSPS-SF01B-3A-FLORTD104-streamed-flort_d_data_record_20160731T000000.155883-20160801T235959.447401.nc
Skipping (Destination NetCDF exists): /var/local/erddap/erddap-storage/erddap-12-1/nc/Coastal_Endurance/CE04OSPS/SF01B/3A-FLORTD104/flort_d_data_record/streamed/deployment0003/deployment0003_CE04OSPS-SF01B-3A-FLORTD104-streamed-flort_d_data_record_20160824T000000.060484-20160825T235959.533274.nc
Skipping (Destination NetCDF exists): /var/local/erddap/erddap-storage/erddap-12-1/nc/Coastal_Endurance/CE04OSPS/SF01B/3A-FLORTD104/flort_d_data_record/streamed/deployment0003/deployment0003_CE04OSPS-SF01B-3A-FLORTD104-streamed-flort_d_data_record_20160909T000000.915037-20160910T235959.492027.nc
Skipping (Destination NetCDF exists): /var/local/erddap/erddap-storage/erddap-12-1/nc/Coastal_Endurance/CE04OSPS/SF01B/3A-FLORTD104/flort_d_data_record/streamed/deployment0003/deployment0003_CE04OSPS-SF01B-3A-FLORTD104-streamed-flort_d_data_record_20160816T000000.944795-20160817T235959.408782.nc
Skipping (Destination NetCDF exists): /var/local/erddap/erddap-storage/erddap-12-1/nc/Coastal_Endurance/CE04OSPS/SF01B/3A-FLORTD104/flort_d_data_record/streamed/deployment0003/deployment0003_CE04OSPS-SF01B-3A-FLORTD104-streamed-flort_d_data_record_20160830T000000.682730-20160831T235958.971171.nc
Skipping (Destination NetCDF exists): /var/local/erddap/erddap-storage/erddap-12-1/nc/Coastal_Endurance/CE04OSPS/SF01B/3A-FLORTD104/flort_d_data_record/streamed/deployment0003/deployment0003_CE04OSPS-SF01B-3A-FLORTD104-streamed-flort_d_data_record_20160723T000000.942030-20160724T235959.395433.nc
Skipping (Destination NetCDF exists): /var/local/erddap/erddap-storage/erddap-12-1/nc/Coastal_Endurance/CE04OSPS/SF01B/3A-FLORTD104/flort_d_data_record/streamed/deployment0003/deployment0003_CE04OSPS-SF01B-3A-FLORTD104-streamed-flort_d_data_record_20160905T000000.971337-20160906T235959.230177.nc
Skipping (Destination NetCDF exists): /var/local/erddap/erddap-storage/erddap-12-1/nc/Coastal_Endurance/CE04OSPS/SF01B/3A-FLORTD104/flort_d_data_record/streamed/deployment0003/deployment0003_CE04OSPS-SF01B-3A-FLORTD104-streamed-flort_d_data_record_20160804T000000.104379-20160805T235959.683124.nc
Skipping (Destination NetCDF exists): /var/local/erddap/erddap-storage/erddap-12-1/nc/Coastal_Endurance/CE04OSPS/SF01B/4A-NUTNRA102/nutnr_a_dark_sample/streamed/deployment0003/deployment0003_CE04OSPS-SF01B-4A-NUTNRA102-streamed-nutnr_a_dark_sample_20160905T072115.169678-20160915T214618.521804.nc
Skipping (Destination NetCDF exists): /var/local/erddap/erddap-storage/erddap-12-1/nc/Coastal_Endurance/CE04OSPS/SF01B/4A-NUTNRA102/nutnr_a_dark_sample/streamed/deployment0003/deployment0003_CE04OSPS-SF01B-4A-NUTNRA102-streamed-nutnr_a_dark_sample_20160719T085953.201262-20160807T235952.528872.nc
Writing dataset xml file: /var/local/erddap/erddap-storage/erddap-12-2/stream-xml/CE02SHSM-SBD12-05-WAVSSA000-telemetered-wavss_a_dcl_mean_directional-deployment0003.dataset.xml
Writing dataset xml file: /var/local/erddap/erddap-storage/erddap-12-1/stream-xml/CE04OSBP-LJ01C-10-PHSEND107-streamed-phsen_data_record-deployment0003.dataset.xml
Writing dataset xml file: /var/local/erddap/erddap-storage/erddap-12-2/stream-xml/CE04OSSM-RID26-06-PHSEND000-telemetered-phsen_abcdef_dcl_instrument-deployment0002.dataset.xml
Writing dataset xml file: /var/local/erddap/erddap-storage/erddap-12-2/stream-xml/CE04OSSM-RID27-02-FLORTD000-telemetered-flort_dj_dcl_instrument-deployment0002.dataset.xml
Writing dataset xml file: /var/local/erddap/erddap-storage/erddap-12-2/stream-xml/CE04OSSM-RID27-04-DOSTAD000-telemetered-dosta_abcdjm_dcl_instrument-deployment0002.dataset.xml
Writing dataset xml file: /var/local/erddap/erddap-storage/erddap-12-2/stream-xml/CE04OSSM-SBD11-01-MOPAK0000-telemetered-mopak_o_dcl_accel-deployment0002.dataset.xml
Writing dataset xml file: /var/local/erddap/erddap-storage/erddap-12-2/stream-xml/CE04OSSM-SBD11-02-HYDGN0000-telemetered-hyd_o_dcl_instrument-deployment0002.dataset.xml
Writing dataset xml file: /var/local/erddap/erddap-storage/erddap-12-2/stream-xml/CE04OSSM-SBD11-04-VELPTA000-telemetered-velpt_ab_dcl_diagnostics-deployment0002.dataset.xml
Writing dataset xml file: /var/local/erddap/erddap-storage/erddap-12-2/stream-xml/CE04OSSM-SBD11-04-VELPTA000-telemetered-velpt_ab_dcl_instrument-deployment0002.dataset.xml
Writing dataset xml file: /var/local/erddap/erddap-storage/erddap-12-2/stream-xml/CE04OSSM-SBD11-06-METBKA000-telemetered-metbk_a_dcl_instrument-deployment0002.dataset.xml
Writing dataset xml file: /var/local/erddap/erddap-storage/erddap-12-2/stream-xml/CE04OSSM-SBD12-03-HYDGN0000-telemetered-hyd_o_dcl_instrument-deployment0002.dataset.xml
Writing dataset xml file: /var/local/erddap/erddap-storage/erddap-12-2/stream-xml/CE04OSSM-SBD12-04-PCO2AA000-telemetered-pco2a_a_dcl_instrument_water-deployment0002.dataset.xml
Writing dataset xml file: /var/local/erddap/erddap-storage/erddap-12-2/stream-xml/CE04OSSM-SBD12-04-PCO2AA000-telemetered-pco2a_a_dcl_instrument_air-deployment0002.dataset.xml
Writing dataset xml file: /var/local/erddap/erddap-storage/erddap-12-2/stream-xml/CE04OSSM-SBD12-05-WAVSSA000-telemetered-wavss_a_dcl_mean_directional-deployment0002.dataset.xml
Writing dataset xml file: /var/local/erddap/erddap-storage/erddap-12-2/stream-xml/CE04OSSM-SBD12-05-WAVSSA000-telemetered-wavss_a_dcl_motion-deployment0002.dataset.xml
Writing dataset xml file: /var/local/erddap/erddap-storage/erddap-12-2/stream-xml/CE04OSSM-SBD12-05-WAVSSA000-telemetered-wavss_a_dcl_non_directional-deployment0002.dataset.xml
Writing dataset xml file: /var/local/erddap/erddap-storage/erddap-12-2/stream-xml/CE04OSSM-SBD12-05-WAVSSA000-telemetered-wavss_a_dcl_fourier-deployment0002.dataset.xml
Writing dataset xml file: /var/local/erddap/erddap-storage/erddap-12-2/stream-xml/CE04OSSM-SBD12-05-WAVSSA000-telemetered-wavss_a_dcl_statistics-deployment0002.dataset.xml
Writing dataset xml file: /var/local/erddap/erddap-storage/erddap-12-2/stream-xml/CE07SHSM-MFD35-02-PRESFB000-telemetered-presf_abc_dcl_tide_measurement-deployment0003.dataset.xml
Writing dataset xml file: /var/local/erddap/erddap-storage/erddap-12-2/stream-xml/CE07SHSM-MFD35-05-PCO2WB000-telemetered-pco2w_abc_dcl_instrument_blank-deployment0003.dataset.xml
Writing dataset xml file: /var/local/erddap/erddap-storage/erddap-12-2/stream-xml/CE07SHSM-MFD35-05-PCO2WB000-telemetered-pco2w_abc_dcl_power-deployment0003.dataset.xml
Writing dataset xml file: /var/local/erddap/erddap-storage/erddap-12-2/stream-xml/CE07SHSM-MFD35-05-PCO2WB000-telemetered-pco2w_abc_dcl_instrument-deployment0003.dataset.xml
Writing dataset xml file: /var/local/erddap/erddap-storage/erddap-12-2/stream-xml/CE07SHSM-MFD35-06-PHSEND000-telemetered-phsen_abcdef_dcl_instrument-deployment0003.dataset.xml
Writing dataset xml file: /var/local/erddap/erddap-storage/erddap-12-2/stream-xml/CE07SHSM-MFD37-03-CTDBPC000-telemetered-ctdbp_cdef_dcl_instrument-deployment0003.dataset.xml
Writing dataset xml file: /var/local/erddap/erddap-storage/erddap-12-2/stream-xml/CE07SHSM-MFD37-03-DOSTAD000-telemetered-dosta_abcdjm_ctdbp_dcl_instrument-deployment0003.dataset.xml
Writing dataset xml file: /var/local/erddap/erddap-storage/erddap-12-2/stream-xml/CE07SHSM-RID26-06-PHSEND000-telemetered-phsen_abcdef_dcl_instrument-deployment0003.dataset.xml
Writing dataset xml file: /var/local/erddap/erddap-storage/erddap-12-2/stream-xml/CE07SHSM-RID26-07-NUTNRB000-telemetered-nutnr_b_dcl_conc_instrument-deployment0003.dataset.xml
Writing dataset xml file: /var/local/erddap/erddap-storage/erddap-12-2/stream-xml/CE07SHSM-RID27-02-FLORTD000-telemetered-flort_dj_dcl_instrument-deployment0003.dataset.xml
Writing dataset xml file: /var/local/erddap/erddap-storage/erddap-12-2/stream-xml/CE07SHSM-RID27-03-CTDBPC000-telemetered-ctdbp_cdef_dcl_instrument-deployment0003.dataset.xml
Writing dataset xml file: /var/local/erddap/erddap-storage/erddap-12-2/stream-xml/CE07SHSM-RID27-04-DOSTAD000-telemetered-dosta_abcdjm_dcl_instrument-deployment0003.dataset.xml
Writing dataset xml file: /var/local/erddap/erddap-storage/erddap-12-2/stream-xml/CE07SHSM-SBD11-01-MOPAK0000-telemetered-mopak_o_dcl_accel-deployment0003.dataset.xml
Writing dataset xml file: /var/local/erddap/erddap-storage/erddap-12-2/stream-xml/CE07SHSM-SBD11-02-HYDGN0000-telemetered-hyd_o_dcl_instrument-deployment0003.dataset.xml
Writing dataset xml file: /var/local/erddap/erddap-storage/erddap-12-2/stream-xml/CE07SHSM-SBD11-04-VELPTA000-telemetered-velpt_ab_dcl_instrument-deployment0003.dataset.xml
Writing dataset xml file: /var/local/erddap/erddap-storage/erddap-12-2/stream-xml/CE07SHSM-SBD11-04-VELPTA000-telemetered-velpt_ab_dcl_diagnostics-deployment0003.dataset.xml
Writing dataset xml file: /var/local/erddap/erddap-storage/erddap-12-2/stream-xml/CE07SHSM-SBD11-06-METBKA000-telemetered-metbk_a_dcl_instrument-deployment0003.dataset.xml
Writing dataset xml file: /var/local/erddap/erddap-storage/erddap-12-2/stream-xml/CE07SHSM-SBD12-03-HYDGN0000-telemetered-hyd_o_dcl_instrument-deployment0003.dataset.xml
Writing dataset xml file: /var/local/erddap/erddap-storage/erddap-12-2/stream-xml/CE07SHSM-SBD12-04-PCO2AA000-telemetered-pco2a_a_dcl_instrument_air-deployment0003.dataset.xml
Writing dataset xml file: /var/local/erddap/erddap-storage/erddap-12-2/stream-xml/CE07SHSM-SBD12-04-PCO2AA000-telemetered-pco2a_a_dcl_instrument_water-deployment0003.dataset.xml
Writing dataset xml file: /var/local/erddap/erddap-storage/erddap-12-2/stream-xml/CE07SHSM-SBD12-05-WAVSSA000-telemetered-wavss_a_dcl_non_directional-deployment0003.dataset.xml
Writing dataset xml file: /var/local/erddap/erddap-storage/erddap-12-2/stream-xml/CE07SHSM-SBD12-05-WAVSSA000-telemetered-wavss_a_dcl_motion-deployment0003.dataset.xml
Writing dataset xml file: /var/local/erddap/erddap-storage/erddap-12-2/stream-xml/CE07SHSM-SBD12-05-WAVSSA000-telemetered-wavss_a_dcl_mean_directional-deployment0003.dataset.xml
Writing dataset xml file: /var/local/erddap/erddap-storage/erddap-12-2/stream-xml/CE07SHSM-SBD12-05-WAVSSA000-telemetered-wavss_a_dcl_statistics-deployment0003.dataset.xml
Writing dataset xml file: /var/local/erddap/erddap-storage/erddap-12-2/stream-xml/CE07SHSM-SBD12-05-WAVSSA000-telemetered-wavss_a_dcl_fourier-deployment0003.dataset.xml
Writing dataset xml file: /var/local/erddap/erddap-storage/erddap-12-2/stream-xml/CE09OSPM-WFP01-02-DOFSTK000-telemetered-dofst_k_wfp_metadata-deployment0005.dataset.xml
Writing dataset xml file: /var/local/erddap/erddap-storage/erddap-12-2/stream-xml/CE09OSPM-WFP01-02-DOFSTK000-telemetered-dofst_k_wfp_instrument-deployment0005.dataset.xml
Writing dataset xml file: /var/local/erddap/erddap-storage/erddap-12-2/stream-xml/CE09OSPM-WFP01-03-CTDPFK000-telemetered-ctdpf_ckl_wfp_metadata-deployment0005.dataset.xml
Writing dataset xml file: /var/local/erddap/erddap-storage/erddap-12-2/stream-xml/CE09OSPM-WFP01-03-CTDPFK000-telemetered-ctdpf_ckl_wfp_instrument-deployment0005.dataset.xml
Writing dataset xml file: /var/local/erddap/erddap-storage/erddap-12-2/stream-xml/CE09OSPM-WFP01-04-FLORTK000-telemetered-flort_kn_stc_imodem_instrument-deployment0005.dataset.xml
Writing dataset xml file: /var/local/erddap/erddap-storage/erddap-12-2/stream-xml/CE09OSPM-WFP01-05-PARADK000-telemetered-parad_k__stc_imodem_instrument-deployment0005.dataset.xml
Writing dataset xml file: /var/local/erddap/erddap-storage/erddap-12-2/stream-xml/CE09OSSM-RID26-04-VELPTA000-telemetered-velpt_ab_dcl_diagnostics-deployment0003.dataset.xml
Writing dataset xml file: /var/local/erddap/erddap-storage/erddap-12-2/stream-xml/CE09OSSM-RID26-04-VELPTA000-telemetered-velpt_ab_dcl_instrument-deployment0003.dataset.xml
Writing dataset xml file: /var/local/erddap/erddap-storage/erddap-12-2/stream-xml/CE09OSSM-RID26-06-PHSEND000-telemetered-phsen_abcdef_dcl_instrument-deployment0003.dataset.xml
Writing dataset xml file: /var/local/erddap/erddap-storage/erddap-12-2/stream-xml/CE09OSSM-RID27-02-FLORTD000-telemetered-flort_dj_dcl_instrument-deployment0003.dataset.xml
Writing dataset xml file: /var/local/erddap/erddap-storage/erddap-12-2/stream-xml/CE09OSSM-RID27-03-CTDBPC000-telemetered-ctdbp_cdef_dcl_instrument-deployment0003.dataset.xml
Writing dataset xml file: /var/local/erddap/erddap-storage/erddap-12-2/stream-xml/CE09OSSM-RID27-04-DOSTAD000-telemetered-dosta_abcdjm_dcl_instrument-deployment0003.dataset.xml
Writing dataset xml file: /var/local/erddap/erddap-storage/erddap-12-2/stream-xml/CE09OSSM-SBD11-01-MOPAK0000-telemetered-mopak_o_dcl_accel-deployment0003.dataset.xml
Writing dataset xml file: /var/local/erddap/erddap-storage/erddap-12-2/stream-xml/CE09OSSM-SBD11-02-HYDGN0000-telemetered-hyd_o_dcl_instrument-deployment0003.dataset.xml
Writing dataset xml file: /var/local/erddap/erddap-storage/erddap-12-2/stream-xml/CE09OSSM-SBD11-04-VELPTA000-telemetered-velpt_ab_dcl_diagnostics-deployment0003.dataset.xml
Writing dataset xml file: /var/local/erddap/erddap-storage/erddap-12-2/stream-xml/CE09OSSM-SBD11-04-VELPTA000-telemetered-velpt_ab_dcl_instrument-deployment0003.dataset.xml
Writing dataset xml file: /var/local/erddap/erddap-storage/erddap-12-2/stream-xml/CE09OSSM-SBD11-06-METBKA000-telemetered-metbk_a_dcl_instrument-deployment0003.dataset.xml
Writing dataset xml file: /var/local/erddap/erddap-storage/erddap-12-2/stream-xml/CE09OSSM-SBD12-03-HYDGN0000-telemetered-hyd_o_dcl_instrument-deployment0003.dataset.xml
Writing dataset xml file: /var/local/erddap/erddap-storage/erddap-12-2/stream-xml/CE09OSSM-SBD12-04-PCO2AA000-telemetered-pco2a_a_dcl_instrument_air-deployment0003.dataset.xml
Writing dataset xml file: /var/local/erddap/erddap-storage/erddap-12-2/stream-xml/CE09OSSM-SBD12-04-PCO2AA000-telemetered-pco2a_a_dcl_instrument_water-deployment0003.dataset.xml
Writing dataset xml file: /var/local/erddap/erddap-storage/erddap-12-2/stream-xml/CE09OSSM-SBD12-05-WAVSSA000-telemetered-wavss_a_dcl_statistics-deployment0003.dataset.xml
Writing dataset xml file: /var/local/erddap/erddap-storage/erddap-12-2/stream-xml/CE09OSSM-SBD12-05-WAVSSA000-telemetered-wavss_a_dcl_motion-deployment0003.dataset.xml
Writing dataset xml file: /var/local/erddap/erddap-storage/erddap-12-2/stream-xml/CE09OSSM-SBD12-05-WAVSSA000-telemetered-wavss_a_dcl_non_directional-deployment0003.dataset.xml
Writing dataset xml file: /var/local/erddap/erddap-storage/erddap-12-2/stream-xml/CE09OSSM-SBD12-05-WAVSSA000-telemetered-wavss_a_dcl_mean_directional-deployment0003.dataset.xml
Writing dataset xml file: /var/local/erddap/erddap-storage/erddap-12-2/stream-xml/CE09OSSM-SBD12-05-WAVSSA000-telemetered-wavss_a_dcl_fourier-deployment0003.dataset.xml
Writing dataset xml file: /var/local/erddap/erddap-storage/erddap-12-2/stream-xml/CP01CNSM-MFD35-02-PRESFB000-telemetered-presf_abc_dcl_tide_measurement-deployment0005.dataset.xml
Writing dataset xml file: /var/local/erddap/erddap-storage/erddap-12-2/stream-xml/CP01CNSM-MFD35-04-VELPTA000-telemetered-velpt_ab_dcl_instrument-deployment0005.dataset.xml
Writing dataset xml file: /var/local/erddap/erddap-storage/erddap-12-2/stream-xml/CP01CNSM-MFD37-04-DOSTAD000-telemetered-dosta_abcdjm_dcl_instrument-deployment0005.dataset.xml
Writing dataset xml file: /var/local/erddap/erddap-storage/erddap-12-2/stream-xml/CP01CNSM-RID26-04-VELPTA000-telemetered-velpt_ab_dcl_instrument-deployment0005.dataset.xml
Writing dataset xml file: /var/local/erddap/erddap-storage/erddap-12-2/stream-xml/CP01CNSM-RID26-04-VELPTA000-telemetered-velpt_ab_dcl_diagnostics-deployment0005.dataset.xml
Writing dataset xml file: /var/local/erddap/erddap-storage/erddap-12-2/stream-xml/CP01CNSM-RID27-02-FLORTD000-telemetered-flort_dj_dcl_instrument-deployment0005.dataset.xml
Writing dataset xml file: /var/local/erddap/erddap-storage/erddap-12-2/stream-xml/CP01CNSM-RID27-04-DOSTAD000-telemetered-dosta_abcdjm_dcl_instrument-deployment0005.dataset.xml
Writing dataset xml file: /var/local/erddap/erddap-storage/erddap-12-2/stream-xml/CP01CNSM-SBD11-01-MOPAK0000-telemetered-mopak_o_dcl_accel-deployment0005.dataset.xml
Writing dataset xml file: /var/local/erddap/erddap-storage/erddap-12-2/stream-xml/CP01CNSM-SBD11-02-HYDGN0000-telemetered-hyd_o_dcl_instrument-deployment0005.dataset.xml
Writing dataset xml file: /var/local/erddap/erddap-storage/erddap-12-2/stream-xml/CP01CNSM-SBD12-03-HYDGN0000-telemetered-hyd_o_dcl_instrument-deployment0005.dataset.xml
Writing dataset xml file: /var/local/erddap/erddap-storage/erddap-12-2/stream-xml/CP01CNSM-SBD12-04-PCO2AA000-telemetered-pco2a_a_dcl_instrument_water-deployment0005.dataset.xml
Writing dataset xml file: /var/local/erddap/erddap-storage/erddap-12-2/stream-xml/CP01CNSM-SBD12-04-PCO2AA000-telemetered-pco2a_a_dcl_instrument_air-deployment0005.dataset.xml
Writing dataset xml file: /var/local/erddap/erddap-storage/erddap-12-2/stream-xml/CP01CNSM-SBD12-05-WAVSSA000-telemetered-wavss_a_dcl_statistics-deployment0005.dataset.xml
Writing dataset xml file: /var/local/erddap/erddap-storage/erddap-12-2/stream-xml/CP01CNSM-SBD12-05-WAVSSA000-telemetered-wavss_a_dcl_mean_directional-deployment0005.dataset.xml
Writing dataset xml file: /var/local/erddap/erddap-storage/erddap-12-2/stream-xml/CP01CNSM-SBD12-05-WAVSSA000-telemetered-wavss_a_dcl_fourier-deployment0005.dataset.xml
Writing dataset xml file: /var/local/erddap/erddap-storage/erddap-12-2/stream-xml/CP01CNSM-SBD12-05-WAVSSA000-telemetered-wavss_a_dcl_motion-deployment0005.dataset.xml
Writing dataset xml file: /var/local/erddap/erddap-storage/erddap-12-2/stream-xml/CP01CNSM-SBD12-05-WAVSSA000-telemetered-wavss_a_dcl_non_directional-deployment0005.dataset.xml
Writing dataset xml file: /var/local/erddap/erddap-storage/erddap-12-2/stream-xml/CP01CNSM-SBD12-06-METBKA000-telemetered-metbk_a_dcl_instrument-deployment0005.dataset.xml
Writing dataset xml file: /var/local/erddap/erddap-storage/erddap-12-2/stream-xml/CP02PMCO-SBS01-01-MOPAK0000-telemetered-mopak_o_dcl_accel-deployment0006.dataset.xml
Writing dataset xml file: /var/local/erddap/erddap-storage/erddap-12-2/stream-xml/CP02PMCO-WFP01-02-DOFSTK000-telemetered-dofst_k_wfp_metadata-deployment0006.dataset.xml
Writing dataset xml file: /var/local/erddap/erddap-storage/erddap-12-2/stream-xml/CP02PMCO-WFP01-02-DOFSTK000-telemetered-dofst_k_wfp_instrument-deployment0006.dataset.xml
Writing dataset xml file: /var/local/erddap/erddap-storage/erddap-12-2/stream-xml/CP02PMCO-WFP01-03-CTDPFK000-telemetered-ctdpf_ckl_wfp_instrument-deployment0006.dataset.xml
Writing dataset xml file: /var/local/erddap/erddap-storage/erddap-12-2/stream-xml/CP02PMCO-WFP01-03-CTDPFK000-telemetered-ctdpf_ckl_wfp_metadata-deployment0006.dataset.xml
Writing dataset xml file: /var/local/erddap/erddap-storage/erddap-12-2/stream-xml/CP02PMCO-WFP01-04-FLORTK000-telemetered-flort_kn_stc_imodem_instrument-deployment0006.dataset.xml
Writing dataset xml file: /var/local/erddap/erddap-storage/erddap-12-2/stream-xml/CP02PMCO-WFP01-05-PARADK000-telemetered-parad_k__stc_imodem_instrument-deployment0006.dataset.xml
Writing dataset xml file: /var/local/erddap/erddap-storage/erddap-12-2/stream-xml/CP02PMUI-SBS01-01-MOPAK0000-telemetered-mopak_o_dcl_accel-deployment0007.dataset.xml
Writing dataset xml file: /var/local/erddap/erddap-storage/erddap-12-2/stream-xml/CP02PMUI-WFP01-02-DOFSTK000-telemetered-dofst_k_wfp_instrument-deployment0007.dataset.xml
Writing dataset xml file: /var/local/erddap/erddap-storage/erddap-12-2/stream-xml/CP02PMUI-WFP01-02-DOFSTK000-telemetered-dofst_k_wfp_metadata-deployment0007.dataset.xml
Writing dataset xml file: /var/local/erddap/erddap-storage/erddap-12-2/stream-xml/CP02PMUI-WFP01-03-CTDPFK000-telemetered-ctdpf_ckl_wfp_instrument-deployment0007.dataset.xml
Writing dataset xml file: /var/local/erddap/erddap-storage/erddap-12-2/stream-xml/CP02PMUI-WFP01-03-CTDPFK000-telemetered-ctdpf_ckl_wfp_metadata-deployment0007.dataset.xml
Writing dataset xml file: /var/local/erddap/erddap-storage/erddap-12-2/stream-xml/CP02PMUI-WFP01-04-FLORTK000-telemetered-flort_kn_stc_imodem_instrument-deployment0007.dataset.xml
Writing dataset xml file: /var/local/erddap/erddap-storage/erddap-12-2/stream-xml/CP02PMUI-WFP01-05-PARADK000-telemetered-parad_k__stc_imodem_instrument-deployment0007.dataset.xml
Writing dataset xml file: /var/local/erddap/erddap-storage/erddap-12-2/stream-xml/CP02PMUO-SBS01-01-MOPAK0000-telemetered-mopak_o_dcl_accel-deployment0007.dataset.xml
Writing dataset xml file: /var/local/erddap/erddap-storage/erddap-12-2/stream-xml/CP02PMUO-WFP01-02-DOFSTK000-telemetered-dofst_k_wfp_metadata-deployment0007.dataset.xml
Writing dataset xml file: /var/local/erddap/erddap-storage/erddap-12-2/stream-xml/CP02PMUO-WFP01-02-DOFSTK000-telemetered-dofst_k_wfp_instrument-deployment0007.dataset.xml
Writing dataset xml file: /var/local/erddap/erddap-storage/erddap-12-2/stream-xml/CP02PMUO-WFP01-03-CTDPFK000-telemetered-ctdpf_ckl_wfp_instrument-deployment0007.dataset.xml
Writing dataset xml file: /var/local/erddap/erddap-storage/erddap-12-2/stream-xml/CP02PMUO-WFP01-03-CTDPFK000-telemetered-ctdpf_ckl_wfp_metadata-deployment0007.dataset.xml
Writing dataset xml file: /var/local/erddap/erddap-storage/erddap-12-2/stream-xml/CP02PMUO-WFP01-04-FLORTK000-telemetered-flort_kn_stc_imodem_instrument-deployment0007.dataset.xml
Writing dataset xml file: /var/local/erddap/erddap-storage/erddap-12-2/stream-xml/CP02PMUO-WFP01-05-PARADK000-telemetered-parad_k__stc_imodem_instrument-deployment0007.dataset.xml
Writing dataset xml file: /var/local/erddap/erddap-storage/erddap-12-2/stream-xml/CP03ISSM-MFD35-02-PRESFB000-telemetered-presf_abc_dcl_tide_measurement-deployment0004.dataset.xml
Writing dataset xml file: /var/local/erddap/erddap-storage/erddap-12-2/stream-xml/CP03ISSM-MFD35-04-VELPTA000-telemetered-velpt_ab_dcl_instrument-deployment0004.dataset.xml
Writing dataset xml file: /var/local/erddap/erddap-storage/erddap-12-2/stream-xml/CP03ISSM-MFD37-03-CTDBPD000-telemetered-ctdbp_cdef_dcl_instrument-deployment0004.dataset.xml
Writing dataset xml file: /var/local/erddap/erddap-storage/erddap-12-2/stream-xml/CP03ISSM-MFD37-04-DOSTAD000-telemetered-dosta_abcdjm_dcl_instrument-deployment0004.dataset.xml
Writing dataset xml file: /var/local/erddap/erddap-storage/erddap-12-2/stream-xml/CP03ISSM-RID26-04-VELPTA000-telemetered-velpt_ab_dcl_instrument-deployment0004.dataset.xml
Writing dataset xml file: /var/local/erddap/erddap-storage/erddap-12-2/stream-xml/CP03ISSM-RID26-04-VELPTA000-telemetered-velpt_ab_dcl_diagnostics-deployment0004.dataset.xml
Writing dataset xml file: /var/local/erddap/erddap-storage/erddap-12-2/stream-xml/CP03ISSM-RID27-02-FLORTD000-telemetered-flort_dj_dcl_instrument-deployment0004.dataset.xml
Writing dataset xml file: /var/local/erddap/erddap-storage/erddap-12-2/stream-xml/CP03ISSM-RID27-03-CTDBPC000-telemetered-ctdbp_cdef_dcl_instrument-deployment0004.dataset.xml
Writing dataset xml file: /var/local/erddap/erddap-storage/erddap-12-2/stream-xml/CP03ISSM-RID27-04-DOSTAD000-telemetered-dosta_abcdjm_dcl_instrument-deployment0004.dataset.xml
Writing dataset xml file: /var/local/erddap/erddap-storage/erddap-12-2/stream-xml/CP03ISSM-SBD11-01-MOPAK0000-telemetered-mopak_o_dcl_accel-deployment0004.dataset.xml
Writing dataset xml file: /var/local/erddap/erddap-storage/erddap-12-2/stream-xml/CP03ISSM-SBD11-02-HYDGN0000-telemetered-hyd_o_dcl_instrument-deployment0004.dataset.xml
Writing dataset xml file: /var/local/erddap/erddap-storage/erddap-12-2/stream-xml/CP03ISSM-SBD11-06-METBKA000-telemetered-metbk_a_dcl_instrument-deployment0004.dataset.xml
Writing dataset xml file: /var/local/erddap/erddap-storage/erddap-12-2/stream-xml/CP03ISSM-SBD12-03-HYDGN0000-telemetered-hyd_o_dcl_instrument-deployment0004.dataset.xml
Writing dataset xml file: /var/local/erddap/erddap-storage/erddap-12-2/stream-xml/CP03ISSM-SBD12-04-PCO2AA000-telemetered-pco2a_a_dcl_instrument_water-deployment0004.dataset.xml
Writing dataset xml file: /var/local/erddap/erddap-storage/erddap-12-2/stream-xml/CP03ISSM-SBD12-04-PCO2AA000-telemetered-pco2a_a_dcl_instrument_air-deployment0004.dataset.xml
Writing dataset xml file: /var/local/erddap/erddap-storage/erddap-12-2/stream-xml/CP04OSPM-SBS11-02-MOPAK0000-telemetered-mopak_o_dcl_accel-deployment0005.dataset.xml
Writing dataset xml file: /var/local/erddap/erddap-storage/erddap-12-2/stream-xml/CP04OSPM-WFP01-02-DOFSTK000-telemetered-dofst_k_wfp_metadata-deployment0005.dataset.xml
Writing dataset xml file: /var/local/erddap/erddap-storage/erddap-12-2/stream-xml/CP04OSPM-WFP01-02-DOFSTK000-telemetered-dofst_k_wfp_instrument-deployment0005.dataset.xml
Writing dataset xml file: /var/local/erddap/erddap-storage/erddap-12-2/stream-xml/CP04OSPM-WFP01-03-CTDPFK000-telemetered-ctdpf_ckl_wfp_instrument-deployment0005.dataset.xml
Writing dataset xml file: /var/local/erddap/erddap-storage/erddap-12-2/stream-xml/CP04OSPM-WFP01-03-CTDPFK000-telemetered-ctdpf_ckl_wfp_metadata-deployment0005.dataset.xml
Writing dataset xml file: /var/local/erddap/erddap-storage/erddap-12-2/stream-xml/CP04OSPM-WFP01-04-FLORTK000-telemetered-flort_kn_stc_imodem_instrument-deployment0005.dataset.xml
Writing dataset xml file: /var/local/erddap/erddap-storage/erddap-12-2/stream-xml/CP04OSPM-WFP01-05-PARADK000-telemetered-parad_k__stc_imodem_instrument-deployment0005.dataset.xml
Writing dataset xml file: /var/local/erddap/erddap-storage/erddap-12-2/stream-xml/CP04OSSM-MFD35-02-PRESFC000-telemetered-presf_abc_dcl_tide_measurement-deployment0004.dataset.xml
Writing dataset xml file: /var/local/erddap/erddap-storage/erddap-12-2/stream-xml/CP04OSSM-MFD35-04-VELPTB000-telemetered-velpt_ab_dcl_instrument-deployment0004.dataset.xml
Writing dataset xml file: /var/local/erddap/erddap-storage/erddap-12-2/stream-xml/CP04OSSM-MFD37-03-CTDBPE000-telemetered-ctdbp_cdef_dcl_instrument-deployment0004.dataset.xml
Writing dataset xml file: /var/local/erddap/erddap-storage/erddap-12-2/stream-xml/CP04OSSM-MFD37-04-DOSTAD000-telemetered-dosta_abcdjm_dcl_instrument-deployment0004.dataset.xml
Writing dataset xml file: /var/local/erddap/erddap-storage/erddap-12-2/stream-xml/CP04OSSM-RID26-04-VELPTA000-telemetered-velpt_ab_dcl_diagnostics-deployment0004.dataset.xml
Writing dataset xml file: /var/local/erddap/erddap-storage/erddap-12-2/stream-xml/CP04OSSM-RID26-04-VELPTA000-telemetered-velpt_ab_dcl_instrument-deployment0004.dataset.xml
Writing dataset xml file: /var/local/erddap/erddap-storage/erddap-12-2/stream-xml/CP04OSSM-RID27-02-FLORTD000-telemetered-flort_dj_dcl_instrument-deployment0004.dataset.xml
Writing dataset xml file: /var/local/erddap/erddap-storage/erddap-12-2/stream-xml/CP04OSSM-RID27-03-CTDBPC000-telemetered-ctdbp_cdef_dcl_instrument-deployment0004.dataset.xml
Writing dataset xml file: /var/local/erddap/erddap-storage/erddap-12-2/stream-xml/CP04OSSM-RID27-04-DOSTAD000-telemetered-dosta_abcdjm_dcl_instrument-deployment0004.dataset.xml
Writing dataset xml file: /var/local/erddap/erddap-storage/erddap-12-2/stream-xml/CP04OSSM-SBD11-01-MOPAK0000-telemetered-mopak_o_dcl_accel-deployment0004.dataset.xml
Writing dataset xml file: /var/local/erddap/erddap-storage/erddap-12-2/stream-xml/CP04OSSM-SBD11-02-HYDGN0000-telemetered-hyd_o_dcl_instrument-deployment0004.dataset.xml
Writing dataset xml file: /var/local/erddap/erddap-storage/erddap-12-2/stream-xml/CP04OSSM-SBD11-06-METBKA000-telemetered-metbk_a_dcl_instrument-deployment0004.dataset.xml
Writing dataset xml file: /var/local/erddap/erddap-storage/erddap-12-2/stream-xml/CP04OSSM-SBD12-03-HYDGN0000-telemetered-hyd_o_dcl_instrument-deployment0004.dataset.xml
Writing dataset xml file: /var/local/erddap/erddap-storage/erddap-12-2/stream-xml/CP04OSSM-SBD12-04-PCO2AA000-telemetered-pco2a_a_dcl_instrument_air-deployment0004.dataset.xml
Writing dataset xml file: /var/local/erddap/erddap-storage/erddap-12-2/stream-xml/CP04OSSM-SBD12-04-PCO2AA000-telemetered-pco2a_a_dcl_instrument_water-deployment0004.dataset.xml
Writing dataset xml file: /var/local/erddap/erddap-storage/erddap-12-2/stream-xml/GA01SUMO-RID16-02-FLORTD000-telemetered-flort_dj_dcl_instrument-deployment0002.dataset.xml
Writing dataset xml file: /var/local/erddap/erddap-storage/erddap-12-2/stream-xml/GA01SUMO-RID16-03-CTDBPF000-telemetered-ctdbp_cdef_dcl_instrument-deployment0002.dataset.xml
Writing dataset xml file: /var/local/erddap/erddap-storage/erddap-12-2/stream-xml/GA01SUMO-RID16-04-VELPTA000-telemetered-velpt_ab_dcl_diagnostics-deployment0002.dataset.xml
Writing dataset xml file: /var/local/erddap/erddap-storage/erddap-12-2/stream-xml/GA01SUMO-RID16-04-VELPTA000-telemetered-velpt_ab_dcl_instrument-deployment0002.dataset.xml
No source NetCDF files found: /opendap_export/async_results/fujj/20161016T024303-GA01SUMO-RID16-05-PCO2WB000-telemetered-pco2w_abc_dcl_instrument
No source NetCDF files found: /opendap_export/async_results/fujj/20161016T024304-GA01SUMO-RID16-05-PCO2WB000-telemetered-pco2w_abc_dcl_instrument_blank
No source NetCDF files found: /opendap_export/async_results/fujj/20161016T024304-GA01SUMO-RID16-05-PCO2WB000-telemetered-pco2w_abc_dcl_power
Writing dataset xml file: /var/local/erddap/erddap-storage/erddap-12-2/stream-xml/GA01SUMO-RID16-06-DOSTAD000-telemetered-dosta_abcdjm_dcl_instrument-deployment0002.dataset.xml
Writing dataset xml file: /var/local/erddap/erddap-storage/erddap-12-2/stream-xml/GA01SUMO-SBD11-03-HYDGN0000-telemetered-hyd_o_dcl_instrument-deployment0002.dataset.xml
Writing dataset xml file: /var/local/erddap/erddap-storage/erddap-12-2/stream-xml/GA01SUMO-SBD11-04-DOSTAD000-telemetered-dosta_abcdjm_dcl_instrument-deployment0002.dataset.xml
Writing dataset xml file: /var/local/erddap/erddap-storage/erddap-12-2/stream-xml/GA01SUMO-SBD11-06-METBKA000-telemetered-metbk_a_dcl_instrument-deployment0002.dataset.xml
Writing dataset xml file: /var/local/erddap/erddap-storage/erddap-12-2/stream-xml/GA01SUMO-SBD12-02-FLORTD000-telemetered-flort_dj_dcl_instrument-deployment0002.dataset.xml
Writing dataset xml file: /var/local/erddap/erddap-storage/erddap-12-2/stream-xml/GA01SUMO-SBD12-03-HYDGN0000-telemetered-hyd_o_dcl_instrument-deployment0002.dataset.xml
Writing dataset xml file: /var/local/erddap/erddap-storage/erddap-12-2/stream-xml/GA01SUMO-SBD12-04-PCO2AA000-telemetered-pco2a_a_dcl_instrument_air-deployment0002.dataset.xml
Writing dataset xml file: /var/local/erddap/erddap-storage/erddap-12-2/stream-xml/GA01SUMO-SBD12-04-PCO2AA000-telemetered-pco2a_a_dcl_instrument_water-deployment0002.dataset.xml
No source NetCDF files found: /opendap_export/async_results/fujj/20161016T024306-GA01SUMO-SBD12-05-WAVSSA000-telemetered-wavss_a_dcl_mean_directional
No source NetCDF files found: /opendap_export/async_results/fujj/20161016T024307-GA01SUMO-SBD12-05-WAVSSA000-telemetered-wavss_a_dcl_motion
Writing dataset xml file: /var/local/erddap/erddap-storage/erddap-12-2/stream-xml/GA01SUMO-SBD12-05-WAVSSA000-telemetered-wavss_a_dcl_statistics-deployment0002.dataset.xml
Writing dataset xml file: /var/local/erddap/erddap-storage/erddap-12-2/stream-xml/GA01SUMO-SBD12-05-WAVSSA000-telemetered-wavss_a_dcl_non_directional-deployment0002.dataset.xml
Writing dataset xml file: /var/local/erddap/erddap-storage/erddap-12-2/stream-xml/GA01SUMO-SBD12-05-WAVSSA000-telemetered-wavss_a_dcl_fourier-deployment0002.dataset.xml
Writing dataset xml file: /var/local/erddap/erddap-storage/erddap-12-2/stream-xml/GA01SUMO-SBD12-06-METBKA000-telemetered-metbk_a_dcl_instrument-deployment0002.dataset.xml
No source NetCDF files found: /opendap_export/async_results/fujj/20161016T024311-GI02HYPM-RIM01-02-CTDMOG039-recovered_inst-ctdmo_ghqr_instrument_recovered
Writing dataset xml file: /var/local/erddap/erddap-storage/erddap-12-2/stream-xml/GI02HYPM-RIM01-02-CTDMOG039-telemetered-ctdmo_ghqr_sio_mule_instrument-deployment0002.dataset.xml
Writing dataset xml file: /var/local/erddap/erddap-storage/erddap-12-2/stream-xml/GS01SUMO-RID16-02-FLORTD000-telemetered-flort_dj_dcl_instrument-deployment0002.dataset.xml
Writing dataset xml file: /var/local/erddap/erddap-storage/erddap-12-2/stream-xml/GS01SUMO-RID16-03-CTDBPF000-telemetered-ctdbp_cdef_dcl_instrument-deployment0002.dataset.xml
Writing dataset xml file: /var/local/erddap/erddap-storage/erddap-12-2/stream-xml/GS01SUMO-RID16-04-VELPTA000-telemetered-velpt_ab_dcl_diagnostics-deployment0002.dataset.xml
Writing dataset xml file: /var/local/erddap/erddap-storage/erddap-12-2/stream-xml/GS01SUMO-RID16-05-PCO2WB000-telemetered-pco2w_abc_dcl_instrument-deployment0002.dataset.xml
Writing dataset xml file: /var/local/erddap/erddap-storage/erddap-12-2/stream-xml/GS01SUMO-RID16-05-PCO2WB000-telemetered-pco2w_abc_dcl_power-deployment0002.dataset.xml
Writing dataset xml file: /var/local/erddap/erddap-storage/erddap-12-2/stream-xml/GS01SUMO-RID16-05-PCO2WB000-telemetered-pco2w_abc_dcl_instrument_blank-deployment0002.dataset.xml
Writing dataset xml file: /var/local/erddap/erddap-storage/erddap-12-2/stream-xml/GS01SUMO-RID16-06-DOSTAD000-telemetered-dosta_abcdjm_dcl_instrument-deployment0002.dataset.xml
Writing dataset xml file: /var/local/erddap/erddap-storage/erddap-12-2/stream-xml/GS01SUMO-SBD11-03-HYDGN0000-telemetered-hyd_o_dcl_instrument-deployment0002.dataset.xml
Writing dataset xml file: /var/local/erddap/erddap-storage/erddap-12-2/stream-xml/GS01SUMO-SBD11-04-DOSTAD000-telemetered-dosta_abcdjm_dcl_instrument-deployment0002.dataset.xml
Writing dataset xml file: /var/local/erddap/erddap-storage/erddap-12-2/stream-xml/GS01SUMO-SBD11-06-METBKA000-telemetered-metbk_a_dcl_instrument-deployment0002.dataset.xml
Writing dataset xml file: /var/local/erddap/erddap-storage/erddap-12-2/stream-xml/GS01SUMO-SBD12-02-FLORTD000-telemetered-flort_dj_dcl_instrument-deployment0002.dataset.xml
Writing dataset xml file: /var/local/erddap/erddap-storage/erddap-12-2/stream-xml/GS01SUMO-SBD12-03-HYDGN0000-telemetered-hyd_o_dcl_instrument-deployment0002.dataset.xml
Writing dataset xml file: /var/local/erddap/erddap-storage/erddap-12-2/stream-xml/GS01SUMO-SBD12-04-PCO2AA000-telemetered-pco2a_a_dcl_instrument_water-deployment0002.dataset.xml
Writing dataset xml file: /var/local/erddap/erddap-storage/erddap-12-2/stream-xml/GS01SUMO-SBD12-04-PCO2AA000-telemetered-pco2a_a_dcl_instrument_air-deployment0002.dataset.xml
Writing dataset xml file: /var/local/erddap/erddap-storage/erddap-12-2/stream-xml/GS01SUMO-SBD12-05-WAVSSA000-telemetered-wavss_a_dcl_non_directional-deployment0002.dataset.xml
Writing dataset xml file: /var/local/erddap/erddap-storage/erddap-12-2/stream-xml/GS01SUMO-SBD12-05-WAVSSA000-telemetered-wavss_a_dcl_statistics-deployment0002.dataset.xml
Writing dataset xml file: /var/local/erddap/erddap-storage/erddap-12-2/stream-xml/GS01SUMO-SBD12-06-METBKA000-telemetered-metbk_a_dcl_instrument-deployment0002.dataset.xml
Writing dataset xml file: /var/local/erddap/erddap-storage/erddap-12-1/stream-xml/RS01SBPS-PC01A-4A-CTDPFA103-streamed-ctdpf_optode_sample-deployment0003.dataset.xml
Writing dataset xml file: /var/local/erddap/erddap-storage/erddap-12-1/stream-xml/RS01SBPS-PC01A-4B-PHSENA102-streamed-phsen_data_record-deployment0003.dataset.xml
Writing dataset xml file: /var/local/erddap/erddap-storage/erddap-12-1/stream-xml/RS01SBPS-PC01A-4C-FLORDD103-streamed-flort_d_data_record-deployment0003.dataset.xml
Writing dataset xml file: /var/local/erddap/erddap-storage/erddap-12-1/stream-xml/RS01SBPS-SF01A-2A-CTDPFA102-streamed-ctdpf_sbe43_sample-deployment0003.dataset.xml
Writing dataset xml file: /var/local/erddap/erddap-storage/erddap-12-1/stream-xml/RS01SBPS-SF01A-2D-PHSENA101-streamed-phsen_data_record-deployment0003.dataset.xml
Writing dataset xml file: /var/local/erddap/erddap-storage/erddap-12-1/stream-xml/RS01SBPS-SF01A-3A-FLORTD101-streamed-flort_d_data_record-deployment0003.dataset.xml
Writing dataset xml file: /var/local/erddap/erddap-storage/erddap-12-1/stream-xml/RS01SBPS-SF01A-3C-PARADA101-streamed-parad_sa_sample-deployment0003.dataset.xml
Writing dataset xml file: /var/local/erddap/erddap-storage/erddap-12-1/stream-xml/RS01SBPS-SF01A-3D-SPKIRA101-streamed-spkir_data_record-deployment0003.dataset.xml
Writing dataset xml file: /var/local/erddap/erddap-storage/erddap-12-1/stream-xml/RS01SBPS-SF01A-4A-NUTNRA101-streamed-nutnr_a_sample-deployment0003.dataset.xml
Writing dataset xml file: /var/local/erddap/erddap-storage/erddap-12-1/stream-xml/RS01SBPS-SF01A-4A-NUTNRA101-streamed-nutnr_a_dark_sample-deployment0003.dataset.xml
Writing dataset xml file: /var/local/erddap/erddap-storage/erddap-12-1/stream-xml/RS01SLBS-LJ01A-12-CTDPFB101-streamed-ctdpf_optode_sample-deployment0003.dataset.xml
Writing dataset xml file: /var/local/erddap/erddap-storage/erddap-12-1/stream-xml/RS03AXBS-LJ03A-12-CTDPFB301-streamed-ctdpf_optode_sample-deployment0003.dataset.xml
Writing dataset xml file: /var/local/erddap/erddap-storage/erddap-12-1/stream-xml/RS03AXPS-PC03A-4A-CTDPFA303-streamed-ctdpf_optode_sample-deployment0003.dataset.xml
Writing dataset xml file: /var/local/erddap/erddap-storage/erddap-12-1/stream-xml/RS03AXPS-PC03A-4C-FLORDD303-streamed-flort_d_data_record-deployment0003.dataset.xml
Writing dataset xml file: /var/local/erddap/erddap-storage/erddap-12-1/stream-xml/RS03AXPS-SF03A-2A-CTDPFA302-streamed-ctdpf_sbe43_sample-deployment0003.dataset.xml
Writing dataset xml file: /var/local/erddap/erddap-storage/erddap-12-1/stream-xml/RS03AXPS-SF03A-2D-PHSENA301-streamed-phsen_data_record-deployment0003.dataset.xml
Writing dataset xml file: /var/local/erddap/erddap-storage/erddap-12-1/stream-xml/RS03AXPS-SF03A-3A-FLORTD301-streamed-flort_d_data_record-deployment0002.dataset.xml
Writing dataset xml file: /var/local/erddap/erddap-storage/erddap-12-1/stream-xml/RS03AXPS-SF03A-3D-SPKIRA301-streamed-spkir_data_record-deployment0003.dataset.xml
Writing dataset xml file: /var/local/erddap/erddap-storage/erddap-12-1/stream-xml/RS03AXPS-SF03A-4A-NUTNRA301-streamed-nutnr_a_dark_sample-deployment0003.dataset.xml
Writing dataset xml file: /var/local/erddap/erddap-storage/erddap-12-1/stream-xml/RS03AXPS-SF03A-4A-NUTNRA301-streamed-nutnr_a_sample-deployment0003.dataset.xml
Writing dataset xml file: /var/local/erddap/erddap-storage/erddap-12-1/stream-xml/RS03AXPS-SF03A-4F-PCO2WA301-streamed-pco2w_a_sami_data_record-deployment0003.dataset.xml
Writing dataset xml file: /var/local/erddap/erddap-storage/erddap-12-1/stream-xml/RS03CCAL-MJ03F-05-BOTPTA301-streamed-botpt_nano_sample-deployment0001.dataset.xml
Writing dataset xml file: /var/local/erddap/erddap-storage/erddap-12-1/stream-xml/RS03CCAL-MJ03F-05-BOTPTA301-streamed-botpt_lily_sample-deployment0001.dataset.xml
Writing dataset xml file: /var/local/erddap/erddap-storage/erddap-12-1/stream-xml/RS03CCAL-MJ03F-05-BOTPTA301-streamed-botpt_iris_sample-deployment0001.dataset.xml
Writing dataset xml file: /var/local/erddap/erddap-storage/erddap-12-1/stream-xml/RS03CCAL-MJ03F-05-BOTPTA301-streamed-botpt_heat_sample-deployment0001.dataset.xml
Writing dataset xml file: /var/local/erddap/erddap-storage/erddap-12-1/stream-xml/RS03ECAL-MJ03E-06-BOTPTA302-streamed-botpt_lily_sample-deployment0001.dataset.xml
Writing dataset xml file: /var/local/erddap/erddap-storage/erddap-12-1/stream-xml/RS03ECAL-MJ03E-06-BOTPTA302-streamed-botpt_nano_sample-deployment0001.dataset.xml
Writing dataset xml file: /var/local/erddap/erddap-storage/erddap-12-1/stream-xml/RS03INT2-MJ03D-06-BOTPTA303-streamed-botpt_lily_sample-deployment0001.dataset.xml
Writing dataset xml file: /var/local/erddap/erddap-storage/erddap-12-1/stream-xml/RS03INT2-MJ03D-06-BOTPTA303-streamed-botpt_heat_sample-deployment0001.dataset.xml
Writing dataset xml file: /var/local/erddap/erddap-storage/erddap-12-1/stream-xml/RS03INT2-MJ03D-06-BOTPTA303-streamed-botpt_nano_sample-deployment0001.dataset.xml
Writing dataset xml file: /var/local/erddap/erddap-storage/erddap-12-1/stream-xml/RS03INT2-MJ03D-06-BOTPTA303-streamed-botpt_iris_sample-deployment0001.dataset.xml
